{"/root/.openclaw/workspace/code/big-screen-frontend/src/App.vue": {"path":"/root/.openclaw/workspace/code/big-screen-frontend/src/App.vue","statementMap":{"0":{"start":{"line":16,"column":6},"end":{"line":16,"column":null}},"1":{"start":{"line":18,"column":0},"end":{"line":20,"column":null}},"2":{"start":{"line":19,"column":2},"end":{"line":19,"column":null}},"3":{"start":{"line":2,"column":7},"end":{"line":2,"column":null}},"4":{"start":{"line":5,"column":24},"end":{"line":5,"column":37}},"5":{"start":{"line":5,"column":37},"end":{"line":5,"column":37}}},"fnMap":{"0":{"name":"(anonymous_0)","decl":{"start":{"line":18,"column":10},"end":{"line":18,"column":16}},"loc":{"start":{"line":18,"column":16},"end":{"line":20,"column":1}},"line":18},"1":{"name":"(anonymous_1)","decl":{"start":{"line":3,"column":4},"end":{"line":3,"column":null}},"loc":{"start":{"line":7,"column":18},"end":{"line":5,"column":37}},"line":7},"2":{"name":"(anonymous_2)","decl":{"start":{"line":5,"column":8},"end":{"line":5,"column":24}},"loc":{"start":{"line":5,"column":37},"end":{"line":5,"column":37}},"line":5}},"branchMap":{},"s":{"0":0,"1":0,"2":0,"3":0,"4":0,"5":0},"f":{"0":0,"1":0,"2":0},"b":{},"meta":{"lastBranch":0,"lastFunction":3,"lastStatement":6,"seen":{"s:16:6:16:Infinity":0,"s:18:0:20:Infinity":1,"f:18:10:18:16":0,"s:19:2:19:Infinity":2,"s:2:7:2:Infinity":3,"f:3:4:3:Infinity":1,"s:5:24:5:37":4,"f:5:8:5:24":2,"s:5:37:5:37":5}}}
,"/root/.openclaw/workspace/code/big-screen-frontend/src/main.ts": {"path":"/root/.openclaw/workspace/code/big-screen-frontend/src/main.ts","statementMap":{"0":{"start":{"line":13,"column":6},"end":{"line":13,"column":null}},"1":{"start":{"line":16,"column":0},"end":{"line":18,"column":null}},"2":{"start":{"line":17,"column":2},"end":{"line":17,"column":null}},"3":{"start":{"line":20,"column":0},"end":{"line":20,"column":null}},"4":{"start":{"line":21,"column":0},"end":{"line":21,"column":null}},"5":{"start":{"line":22,"column":0},"end":{"line":22,"column":null}},"6":{"start":{"line":24,"column":0},"end":{"line":24,"column":null}}},"fnMap":{},"branchMap":{},"s":{"0":0,"1":0,"2":0,"3":0,"4":0,"5":0,"6":0},"f":{},"b":{},"meta":{"lastBranch":0,"lastFunction":0,"lastStatement":7,"seen":{"s:13:6:13:Infinity":0,"s:16:0:18:Infinity":1,"s:17:2:17:Infinity":2,"s:20:0:20:Infinity":3,"s:21:0:21:Infinity":4,"s:22:0:22:Infinity":5,"s:24:0:24:Infinity":6}}}
,"/root/.openclaw/workspace/code/big-screen-frontend/src/api/auth.ts": {"path":"/root/.openclaw/workspace/code/big-screen-frontend/src/api/auth.ts","statementMap":{"0":{"start":{"line":14,"column":23},"end":{"line":111,"column":null}},"1":{"start":{"line":20,"column":4},"end":{"line":24,"column":null}},"2":{"start":{"line":32,"column":4},"end":{"line":36,"column":null}},"3":{"start":{"line":43,"column":4},"end":{"line":46,"column":null}},"4":{"start":{"line":54,"column":4},"end":{"line":58,"column":null}},"5":{"start":{"line":65,"column":4},"end":{"line":68,"column":null}},"6":{"start":{"line":76,"column":4},"end":{"line":80,"column":null}},"7":{"start":{"line":88,"column":4},"end":{"line":92,"column":null}},"8":{"start":{"line":100,"column":21},"end":{"line":100,"column":null}},"9":{"start":{"line":101,"column":4},"end":{"line":101,"column":null}},"10":{"start":{"line":102,"column":4},"end":{"line":109,"column":null}}},"fnMap":{"0":{"name":"(anonymous_0)","decl":{"start":{"line":19,"column":2},"end":{"line":19,"column":8}},"loc":{"start":{"line":19,"column":64},"end":{"line":25,"column":null}},"line":19},"1":{"name":"(anonymous_1)","decl":{"start":{"line":31,"column":2},"end":{"line":31,"column":11}},"loc":{"start":{"line":31,"column":70},"end":{"line":37,"column":null}},"line":31},"2":{"name":"(anonymous_2)","decl":{"start":{"line":42,"column":2},"end":{"line":42,"column":47}},"loc":{"start":{"line":42,"column":47},"end":{"line":47,"column":null}},"line":42},"3":{"name":"(anonymous_3)","decl":{"start":{"line":53,"column":2},"end":{"line":53,"column":15}},"loc":{"start":{"line":53,"column":105},"end":{"line":59,"column":null}},"line":53},"4":{"name":"(anonymous_4)","decl":{"start":{"line":64,"column":2},"end":{"line":64,"column":39}},"loc":{"start":{"line":64,"column":39},"end":{"line":69,"column":null}},"line":64},"5":{"name":"(anonymous_5)","decl":{"start":{"line":75,"column":2},"end":{"line":75,"column":17}},"loc":{"start":{"line":75,"column":97},"end":{"line":81,"column":null}},"line":75},"6":{"name":"(anonymous_6)","decl":{"start":{"line":87,"column":2},"end":{"line":87,"column":16}},"loc":{"start":{"line":87,"column":65},"end":{"line":93,"column":null}},"line":87},"7":{"name":"(anonymous_7)","decl":{"start":{"line":99,"column":2},"end":{"line":99,"column":15}},"loc":{"start":{"line":99,"column":66},"end":{"line":110,"column":null}},"line":99}},"branchMap":{},"s":{"0":1,"1":0,"2":0,"3":0,"4":0,"5":0,"6":0,"7":0,"8":0,"9":0,"10":0},"f":{"0":0,"1":0,"2":0,"3":0,"4":0,"5":0,"6":0,"7":0},"b":{},"meta":{"lastBranch":0,"lastFunction":8,"lastStatement":11,"seen":{"s:14:23:111:Infinity":0,"f:19:2:19:8":0,"s:20:4:24:Infinity":1,"f:31:2:31:11":1,"s:32:4:36:Infinity":2,"f:42:2:42:47":2,"s:43:4:46:Infinity":3,"f:53:2:53:15":3,"s:54:4:58:Infinity":4,"f:64:2:64:39":4,"s:65:4:68:Infinity":5,"f:75:2:75:17":5,"s:76:4:80:Infinity":6,"f:87:2:87:16":6,"s:88:4:92:Infinity":7,"f:99:2:99:15":7,"s:100:21:100:Infinity":8,"s:101:4:101:Infinity":9,"s:102:4:109:Infinity":10}}}
,"/root/.openclaw/workspace/code/big-screen-frontend/src/api/dashboard.ts": {"path":"/root/.openclaw/workspace/code/big-screen-frontend/src/api/dashboard.ts","statementMap":{"0":{"start":{"line":20,"column":28},"end":{"line":216,"column":null}},"1":{"start":{"line":26,"column":4},"end":{"line":30,"column":null}},"2":{"start":{"line":38,"column":4},"end":{"line":41,"column":null}},"3":{"start":{"line":49,"column":4},"end":{"line":53,"column":null}},"4":{"start":{"line":62,"column":4},"end":{"line":66,"column":null}},"5":{"start":{"line":74,"column":4},"end":{"line":77,"column":null}},"6":{"start":{"line":85,"column":4},"end":{"line":88,"column":null}},"7":{"start":{"line":96,"column":4},"end":{"line":99,"column":null}},"8":{"start":{"line":107,"column":4},"end":{"line":110,"column":null}},"9":{"start":{"line":119,"column":4},"end":{"line":122,"column":null}},"10":{"start":{"line":129,"column":4},"end":{"line":132,"column":null}},"11":{"start":{"line":139,"column":4},"end":{"line":142,"column":null}},"12":{"start":{"line":153,"column":4},"end":{"line":157,"column":null}},"13":{"start":{"line":168,"column":4},"end":{"line":172,"column":null}},"14":{"start":{"line":180,"column":4},"end":{"line":183,"column":null}},"15":{"start":{"line":190,"column":4},"end":{"line":193,"column":null}},"16":{"start":{"line":201,"column":4},"end":{"line":204,"column":null}},"17":{"start":{"line":211,"column":4},"end":{"line":214,"column":null}}},"fnMap":{"0":{"name":"(anonymous_0)","decl":{"start":{"line":25,"column":2},"end":{"line":25,"column":16}},"loc":{"start":{"line":25,"column":87},"end":{"line":31,"column":null}},"line":25},"1":{"name":"(anonymous_1)","decl":{"start":{"line":37,"column":2},"end":{"line":37,"column":15}},"loc":{"start":{"line":37,"column":60},"end":{"line":42,"column":null}},"line":37},"2":{"name":"(anonymous_2)","decl":{"start":{"line":48,"column":2},"end":{"line":48,"column":18}},"loc":{"start":{"line":48,"column":81},"end":{"line":54,"column":null}},"line":48},"3":{"name":"(anonymous_3)","decl":{"start":{"line":61,"column":2},"end":{"line":61,"column":18}},"loc":{"start":{"line":61,"column":93},"end":{"line":67,"column":null}},"line":61},"4":{"name":"(anonymous_4)","decl":{"start":{"line":73,"column":2},"end":{"line":73,"column":18}},"loc":{"start":{"line":73,"column":58},"end":{"line":78,"column":null}},"line":73},"5":{"name":"(anonymous_5)","decl":{"start":{"line":84,"column":2},"end":{"line":84,"column":21}},"loc":{"start":{"line":84,"column":66},"end":{"line":89,"column":null}},"line":84},"6":{"name":"(anonymous_6)","decl":{"start":{"line":95,"column":2},"end":{"line":95,"column":19}},"loc":{"start":{"line":95,"column":64},"end":{"line":100,"column":null}},"line":95},"7":{"name":"(anonymous_7)","decl":{"start":{"line":106,"column":2},"end":{"line":106,"column":19}},"loc":{"start":{"line":106,"column":64},"end":{"line":111,"column":null}},"line":106},"8":{"name":"(anonymous_8)","decl":{"start":{"line":118,"column":2},"end":{"line":118,"column":51}},"loc":{"start":{"line":118,"column":51},"end":{"line":123,"column":null}},"line":118},"9":{"name":"(anonymous_9)","decl":{"start":{"line":128,"column":2},"end":{"line":128,"column":53}},"loc":{"start":{"line":128,"column":53},"end":{"line":133,"column":null}},"line":128},"10":{"name":"(anonymous_10)","decl":{"start":{"line":138,"column":2},"end":{"line":138,"column":56}},"loc":{"start":{"line":138,"column":56},"end":{"line":143,"column":null}},"line":138},"11":{"name":"(anonymous_11)","decl":{"start":{"line":152,"column":2},"end":{"line":152,"column":18}},"loc":{"start":{"line":152,"column":97},"end":{"line":158,"column":null}},"line":152},"12":{"name":"(anonymous_12)","decl":{"start":{"line":167,"column":2},"end":{"line":167,"column":19}},"loc":{"start":{"line":167,"column":99},"end":{"line":173,"column":null}},"line":167},"13":{"name":"(anonymous_13)","decl":{"start":{"line":179,"column":2},"end":{"line":179,"column":25}},"loc":{"start":{"line":179,"column":65},"end":{"line":184,"column":null}},"line":179},"14":{"name":"(anonymous_14)","decl":{"start":{"line":189,"column":2},"end":{"line":189,"column":59}},"loc":{"start":{"line":189,"column":59},"end":{"line":194,"column":null}},"line":189},"15":{"name":"(anonymous_15)","decl":{"start":{"line":200,"column":2},"end":{"line":200,"column":21}},"loc":{"start":{"line":200,"column":61},"end":{"line":205,"column":null}},"line":200},"16":{"name":"(anonymous_16)","decl":{"start":{"line":210,"column":2},"end":{"line":210,"column":72}},"loc":{"start":{"line":210,"column":72},"end":{"line":215,"column":null}},"line":210}},"branchMap":{"0":{"loc":{"start":{"line":152,"column":18},"end":{"line":152,"column":28}},"type":"default-arg","locations":[{"start":{"line":152,"column":25},"end":{"line":152,"column":28}}],"line":152},"1":{"loc":{"start":{"line":152,"column":28},"end":{"line":152,"column":97}},"type":"default-arg","locations":[{"start":{"line":152,"column":39},"end":{"line":152,"column":97}}],"line":152},"2":{"loc":{"start":{"line":167,"column":19},"end":{"line":167,"column":29}},"type":"default-arg","locations":[{"start":{"line":167,"column":26},"end":{"line":167,"column":29}}],"line":167},"3":{"loc":{"start":{"line":167,"column":29},"end":{"line":167,"column":99}},"type":"default-arg","locations":[{"start":{"line":167,"column":40},"end":{"line":167,"column":99}}],"line":167}},"s":{"0":1,"1":0,"2":0,"3":0,"4":0,"5":0,"6":0,"7":0,"8":0,"9":0,"10":0,"11":0,"12":0,"13":0,"14":0,"15":0,"16":0,"17":0},"f":{"0":0,"1":0,"2":0,"3":0,"4":0,"5":0,"6":0,"7":0,"8":0,"9":0,"10":0,"11":0,"12":0,"13":0,"14":0,"15":0,"16":0},"b":{"0":[0],"1":[0],"2":[0],"3":[0]},"meta":{"lastBranch":4,"lastFunction":17,"lastStatement":18,"seen":{"s:20:28:216:Infinity":0,"f:25:2:25:16":0,"s:26:4:30:Infinity":1,"f:37:2:37:15":1,"s:38:4:41:Infinity":2,"f:48:2:48:18":2,"s:49:4:53:Infinity":3,"f:61:2:61:18":3,"s:62:4:66:Infinity":4,"f:73:2:73:18":4,"s:74:4:77:Infinity":5,"f:84:2:84:21":5,"s:85:4:88:Infinity":6,"f:95:2:95:19":6,"s:96:4:99:Infinity":7,"f:106:2:106:19":7,"s:107:4:110:Infinity":8,"f:118:2:118:51":8,"s:119:4:122:Infinity":9,"f:128:2:128:53":9,"s:129:4:132:Infinity":10,"f:138:2:138:56":10,"s:139:4:142:Infinity":11,"f:152:2:152:18":11,"b:152:25:152:28":0,"b:152:39:152:97":1,"s:153:4:157:Infinity":12,"f:167:2:167:19":12,"b:167:26:167:29":2,"b:167:40:167:99":3,"s:168:4:172:Infinity":13,"f:179:2:179:25":13,"s:180:4:183:Infinity":14,"f:189:2:189:59":14,"s:190:4:193:Infinity":15,"f:200:2:200:21":15,"s:201:4:204:Infinity":16,"f:210:2:210:72":16,"s:211:4:214:Infinity":17}}}
,"/root/.openclaw/workspace/code/big-screen-frontend/src/api/dataSource.ts": {"path":"/root/.openclaw/workspace/code/big-screen-frontend/src/api/dataSource.ts","statementMap":{"0":{"start":{"line":16,"column":2},"end":{"line":20,"column":null}},"1":{"start":{"line":25,"column":2},"end":{"line":29,"column":null}},"2":{"start":{"line":34,"column":2},"end":{"line":37,"column":null}},"3":{"start":{"line":42,"column":2},"end":{"line":46,"column":null}},"4":{"start":{"line":51,"column":2},"end":{"line":54,"column":null}},"5":{"start":{"line":59,"column":2},"end":{"line":62,"column":null}},"6":{"start":{"line":67,"column":2},"end":{"line":71,"column":null}}},"fnMap":{"0":{"name":"createDataSource","decl":{"start":{"line":15,"column":16},"end":{"line":15,"column":33}},"loc":{"start":{"line":15,"column":64},"end":{"line":21,"column":null}},"line":15},"1":{"name":"getDataSources","decl":{"start":{"line":24,"column":16},"end":{"line":24,"column":31}},"loc":{"start":{"line":24,"column":58},"end":{"line":30,"column":null}},"line":24},"2":{"name":"getDataSourceById","decl":{"start":{"line":33,"column":16},"end":{"line":33,"column":34}},"loc":{"start":{"line":33,"column":46},"end":{"line":38,"column":null}},"line":33},"3":{"name":"updateDataSource","decl":{"start":{"line":41,"column":16},"end":{"line":41,"column":33}},"loc":{"start":{"line":41,"column":76},"end":{"line":47,"column":null}},"line":41},"4":{"name":"deleteDataSource","decl":{"start":{"line":50,"column":16},"end":{"line":50,"column":33}},"loc":{"start":{"line":50,"column":45},"end":{"line":55,"column":null}},"line":50},"5":{"name":"testConnection","decl":{"start":{"line":58,"column":16},"end":{"line":58,"column":31}},"loc":{"start":{"line":58,"column":43},"end":{"line":63,"column":null}},"line":58},"6":{"name":"executeQuery","decl":{"start":{"line":66,"column":16},"end":{"line":66,"column":29}},"loc":{"start":{"line":66,"column":68},"end":{"line":72,"column":null}},"line":66}},"branchMap":{},"s":{"0":0,"1":0,"2":0,"3":0,"4":0,"5":0,"6":0},"f":{"0":0,"1":0,"2":0,"3":0,"4":0,"5":0,"6":0},"b":{},"meta":{"lastBranch":0,"lastFunction":7,"lastStatement":7,"seen":{"f:15:16:15:33":0,"s:16:2:20:Infinity":0,"f:24:16:24:31":1,"s:25:2:29:Infinity":1,"f:33:16:33:34":2,"s:34:2:37:Infinity":2,"f:41:16:41:33":3,"s:42:2:46:Infinity":3,"f:50:16:50:33":4,"s:51:2:54:Infinity":4,"f:58:16:58:31":5,"s:59:2:62:Infinity":5,"f:66:16:66:29":6,"s:67:2:71:Infinity":6}}}
,"/root/.openclaw/workspace/code/big-screen-frontend/src/api/index.ts": {"path":"/root/.openclaw/workspace/code/big-screen-frontend/src/api/index.ts","statementMap":{},"fnMap":{},"branchMap":{},"s":{},"f":{},"b":{},"meta":{"lastBranch":0,"lastFunction":0,"lastStatement":0,"seen":{}}}
,"/root/.openclaw/workspace/code/big-screen-frontend/src/api/request.ts": {"path":"/root/.openclaw/workspace/code/big-screen-frontend/src/api/request.ts","statementMap":{"0":{"start":{"line":8,"column":21},"end":{"line":8,"column":null}},"1":{"start":{"line":9,"column":24},"end":{"line":9,"column":null}},"2":{"start":{"line":12,"column":31},"end":{"line":18,"column":null}},"3":{"start":{"line":21,"column":19},"end":{"line":21,"column":null}},"4":{"start":{"line":22,"column":54},"end":{"line":22,"column":null}},"5":{"start":{"line":26,"column":2},"end":{"line":26,"column":null}},"6":{"start":{"line":31,"column":2},"end":{"line":31,"column":null}},"7":{"start":{"line":31,"column":41},"end":{"line":31,"column":59}},"8":{"start":{"line":32,"column":2},"end":{"line":32,"column":null}},"9":{"start":{"line":36,"column":0},"end":{"line":57,"column":null}},"10":{"start":{"line":39,"column":18},"end":{"line":39,"column":null}},"11":{"start":{"line":42,"column":4},"end":{"line":44,"column":null}},"12":{"start":{"line":43,"column":6},"end":{"line":43,"column":null}},"13":{"start":{"line":47,"column":4},"end":{"line":49,"column":null}},"14":{"start":{"line":48,"column":6},"end":{"line":48,"column":null}},"15":{"start":{"line":51,"column":4},"end":{"line":51,"column":null}},"16":{"start":{"line":54,"column":4},"end":{"line":54,"column":null}},"17":{"start":{"line":55,"column":4},"end":{"line":55,"column":null}},"18":{"start":{"line":60,"column":0},"end":{"line":166,"column":null}},"19":{"start":{"line":63,"column":4},"end":{"line":65,"column":null}},"20":{"start":{"line":64,"column":6},"end":{"line":64,"column":null}},"21":{"start":{"line":68,"column":4},"end":{"line":68,"column":null}},"22":{"start":{"line":71,"column":28},"end":{"line":71,"column":null}},"23":{"start":{"line":74,"column":4},"end":{"line":77,"column":null}},"24":{"start":{"line":75,"column":6},"end":{"line":75,"column":null}},"25":{"start":{"line":76,"column":6},"end":{"line":76,"column":null}},"26":{"start":{"line":79,"column":29},"end":{"line":79,"column":null}},"27":{"start":{"line":80,"column":21},"end":{"line":80,"column":null}},"28":{"start":{"line":83,"column":4},"end":{"line":85,"column":null}},"29":{"start":{"line":84,"column":6},"end":{"line":84,"column":null}},"30":{"start":{"line":88,"column":4},"end":{"line":145,"column":null}},"31":{"start":{"line":89,"column":6},"end":{"line":99,"column":null}},"32":{"start":{"line":91,"column":8},"end":{"line":98,"column":null}},"33":{"start":{"line":92,"column":10},"end":{"line":97,"column":null}},"34":{"start":{"line":93,"column":12},"end":{"line":95,"column":null}},"35":{"start":{"line":94,"column":14},"end":{"line":94,"column":null}},"36":{"start":{"line":96,"column":12},"end":{"line":96,"column":null}},"37":{"start":{"line":101,"column":6},"end":{"line":101,"column":null}},"38":{"start":{"line":102,"column":6},"end":{"line":102,"column":null}},"39":{"start":{"line":104,"column":6},"end":{"line":144,"column":null}},"40":{"start":{"line":105,"column":29},"end":{"line":105,"column":null}},"41":{"start":{"line":106,"column":8},"end":{"line":108,"column":null}},"42":{"start":{"line":107,"column":10},"end":{"line":107,"column":null}},"43":{"start":{"line":111,"column":25},"end":{"line":113,"column":null}},"44":{"start":{"line":115,"column":57},"end":{"line":115,"column":null}},"45":{"start":{"line":118,"column":8},"end":{"line":118,"column":null}},"46":{"start":{"line":119,"column":8},"end":{"line":119,"column":null}},"47":{"start":{"line":122,"column":14},"end":{"line":122,"column":null}},"48":{"start":{"line":123,"column":8},"end":{"line":123,"column":null}},"49":{"start":{"line":126,"column":8},"end":{"line":126,"column":null}},"50":{"start":{"line":129,"column":8},"end":{"line":131,"column":null}},"51":{"start":{"line":130,"column":10},"end":{"line":130,"column":null}},"52":{"start":{"line":132,"column":8},"end":{"line":132,"column":null}},"53":{"start":{"line":135,"column":14},"end":{"line":135,"column":null}},"54":{"start":{"line":136,"column":8},"end":{"line":136,"column":null}},"55":{"start":{"line":138,"column":8},"end":{"line":138,"column":null}},"56":{"start":{"line":139,"column":8},"end":{"line":139,"column":null}},"57":{"start":{"line":141,"column":8},"end":{"line":141,"column":null}},"58":{"start":{"line":143,"column":8},"end":{"line":143,"column":null}},"59":{"start":{"line":148,"column":4},"end":{"line":162,"column":null}},"60":{"start":{"line":149,"column":6},"end":{"line":149,"column":null}},"61":{"start":{"line":150,"column":4},"end":{"line":162,"column":null}},"62":{"start":{"line":153,"column":6},"end":{"line":153,"column":null}},"63":{"start":{"line":154,"column":4},"end":{"line":162,"column":null}},"64":{"start":{"line":157,"column":6},"end":{"line":157,"column":null}},"65":{"start":{"line":161,"column":6},"end":{"line":161,"column":null}},"66":{"start":{"line":164,"column":4},"end":{"line":164,"column":null}}},"fnMap":{"0":{"name":"subscribeTokenRefresh","decl":{"start":{"line":25,"column":9},"end":{"line":25,"column":31}},"loc":{"start":{"line":25,"column":66},"end":{"line":27,"column":null}},"line":25},"1":{"name":"onTokenRefreshed","decl":{"start":{"line":30,"column":9},"end":{"line":30,"column":26}},"loc":{"start":{"line":30,"column":44},"end":{"line":33,"column":null}},"line":30},"2":{"name":"(anonymous_2)","decl":{"start":{"line":31,"column":29},"end":{"line":31,"column":41}},"loc":{"start":{"line":31,"column":41},"end":{"line":31,"column":59}},"line":31},"3":{"name":"(anonymous_3)","decl":{"start":{"line":37,"column":2},"end":{"line":37,"column":3}},"loc":{"start":{"line":37,"column":14},"end":{"line":52,"column":null}},"line":37},"4":{"name":"(anonymous_4)","decl":{"start":{"line":53,"column":2},"end":{"line":53,"column":3}},"loc":{"start":{"line":53,"column":25},"end":{"line":56,"column":null}},"line":53},"5":{"name":"(anonymous_5)","decl":{"start":{"line":61,"column":2},"end":{"line":61,"column":3}},"loc":{"start":{"line":61,"column":31},"end":{"line":69,"column":null}},"line":61},"6":{"name":"(anonymous_6)","decl":{"start":{"line":70,"column":2},"end":{"line":70,"column":9}},"loc":{"start":{"line":70,"column":31},"end":{"line":165,"column":null}},"line":70},"7":{"name":"(anonymous_7)","decl":{"start":{"line":91,"column":27},"end":{"line":91,"column":28}},"loc":{"start":{"line":91,"column":40},"end":{"line":98,"column":9}},"line":91},"8":{"name":"(anonymous_8)","decl":{"start":{"line":92,"column":32},"end":{"line":92,"column":33}},"loc":{"start":{"line":92,"column":54},"end":{"line":97,"column":11}},"line":92}},"branchMap":{"0":{"loc":{"start":{"line":8,"column":21},"end":{"line":8,"column":null}},"type":"binary-expr","locations":[{"start":{"line":8,"column":21},"end":{"line":8,"column":58}},{"start":{"line":8,"column":58},"end":{"line":8,"column":null}}],"line":8},"1":{"loc":{"start":{"line":42,"column":4},"end":{"line":44,"column":null}},"type":"if","locations":[{"start":{"line":42,"column":4},"end":{"line":44,"column":null}},{"start":{},"end":{}}],"line":42},"2":{"loc":{"start":{"line":43,"column":77},"end":{"line":43,"column":105}},"type":"binary-expr","locations":[{"start":{"line":43,"column":77},"end":{"line":43,"column":94}},{"start":{"line":43,"column":94},"end":{"line":43,"column":105}}],"line":43},"3":{"loc":{"start":{"line":47,"column":4},"end":{"line":49,"column":null}},"type":"if","locations":[{"start":{"line":47,"column":4},"end":{"line":49,"column":null}},{"start":{},"end":{}}],"line":47},"4":{"loc":{"start":{"line":47,"column":8},"end":{"line":47,"column":33}},"type":"binary-expr","locations":[{"start":{"line":47,"column":8},"end":{"line":47,"column":17}},{"start":{"line":47,"column":17},"end":{"line":47,"column":33}}],"line":47},"5":{"loc":{"start":{"line":63,"column":4},"end":{"line":65,"column":null}},"type":"if","locations":[{"start":{"line":63,"column":4},"end":{"line":65,"column":null}},{"start":{},"end":{}}],"line":63},"6":{"loc":{"start":{"line":74,"column":4},"end":{"line":77,"column":null}},"type":"if","locations":[{"start":{"line":74,"column":4},"end":{"line":77,"column":null}},{"start":{},"end":{}}],"line":74},"7":{"loc":{"start":{"line":80,"column":21},"end":{"line":80,"column":null}},"type":"binary-expr","locations":[{"start":{"line":80,"column":21},"end":{"line":80,"column":46}},{"start":{"line":80,"column":46},"end":{"line":80,"column":null}}],"line":80},"8":{"loc":{"start":{"line":83,"column":4},"end":{"line":85,"column":null}},"type":"if","locations":[{"start":{"line":83,"column":4},"end":{"line":85,"column":null}},{"start":{},"end":{}}],"line":83},"9":{"loc":{"start":{"line":88,"column":4},"end":{"line":145,"column":null}},"type":"if","locations":[{"start":{"line":88,"column":4},"end":{"line":145,"column":null}},{"start":{},"end":{}}],"line":88},"10":{"loc":{"start":{"line":88,"column":8},"end":{"line":88,"column":51}},"type":"binary-expr","locations":[{"start":{"line":88,"column":8},"end":{"line":88,"column":26}},{"start":{"line":88,"column":26},"end":{"line":88,"column":51}}],"line":88},"11":{"loc":{"start":{"line":89,"column":6},"end":{"line":99,"column":null}},"type":"if","locations":[{"start":{"line":89,"column":6},"end":{"line":99,"column":null}},{"start":{},"end":{}}],"line":89},"12":{"loc":{"start":{"line":93,"column":12},"end":{"line":95,"column":null}},"type":"if","locations":[{"start":{"line":93,"column":12},"end":{"line":95,"column":null}},{"start":{},"end":{}}],"line":93},"13":{"loc":{"start":{"line":106,"column":8},"end":{"line":108,"column":null}},"type":"if","locations":[{"start":{"line":106,"column":8},"end":{"line":108,"column":null}},{"start":{},"end":{}}],"line":106},"14":{"loc":{"start":{"line":129,"column":8},"end":{"line":131,"column":null}},"type":"if","locations":[{"start":{"line":129,"column":8},"end":{"line":131,"column":null}},{"start":{},"end":{}}],"line":129},"15":{"loc":{"start":{"line":148,"column":4},"end":{"line":162,"column":null}},"type":"if","locations":[{"start":{"line":148,"column":4},"end":{"line":162,"column":null}},{"start":{"line":150,"column":4},"end":{"line":162,"column":null}}],"line":148},"16":{"loc":{"start":{"line":150,"column":4},"end":{"line":162,"column":null}},"type":"if","locations":[{"start":{"line":150,"column":4},"end":{"line":162,"column":null}},{"start":{"line":154,"column":4},"end":{"line":162,"column":null}}],"line":150},"17":{"loc":{"start":{"line":154,"column":4},"end":{"line":162,"column":null}},"type":"if","locations":[{"start":{"line":154,"column":4},"end":{"line":162,"column":null}},{"start":{"line":160,"column":9},"end":{"line":162,"column":null}}],"line":154}},"s":{"0":1,"1":1,"2":1,"3":1,"4":1,"5":0,"6":0,"7":0,"8":0,"9":1,"10":0,"11":0,"12":0,"13":0,"14":0,"15":0,"16":0,"17":0,"18":1,"19":0,"20":0,"21":0,"22":0,"23":0,"24":0,"25":0,"26":0,"27":0,"28":0,"29":0,"30":0,"31":0,"32":0,"33":0,"34":0,"35":0,"36":0,"37":0,"38":0,"39":0,"40":0,"41":0,"42":0,"43":0,"44":0,"45":0,"46":0,"47":0,"48":0,"49":0,"50":0,"51":0,"52":0,"53":0,"54":0,"55":0,"56":0,"57":0,"58":0,"59":0,"60":0,"61":0,"62":0,"63":0,"64":0,"65":0,"66":0},"f":{"0":0,"1":0,"2":0,"3":0,"4":0,"5":0,"6":0,"7":0,"8":0},"b":{"0":[1,0],"1":[0,0],"2":[0,0],"3":[0,0],"4":[0,0],"5":[0,0],"6":[0,0],"7":[0,0],"8":[0,0],"9":[0,0],"10":[0,0],"11":[0,0],"12":[0,0],"13":[0,0],"14":[0,0],"15":[0,0],"16":[0,0],"17":[0,0]},"meta":{"lastBranch":18,"lastFunction":9,"lastStatement":67,"seen":{"s:8:21:8:Infinity":0,"b:8:21:8:58:8:58:8:Infinity":0,"s:9:24:9:Infinity":1,"s:12:31:18:Infinity":2,"s:21:19:21:Infinity":3,"s:22:54:22:Infinity":4,"f:25:9:25:31":0,"s:26:2:26:Infinity":5,"f:30:9:30:26":1,"s:31:2:31:Infinity":6,"f:31:29:31:41":2,"s:31:41:31:59":7,"s:32:2:32:Infinity":8,"s:36:0:57:Infinity":9,"f:37:2:37:3":3,"s:39:18:39:Infinity":10,"b:42:4:44:Infinity:undefined:undefined:undefined:undefined":1,"s:42:4:44:Infinity":11,"s:43:6:43:Infinity":12,"b:43:77:43:94:43:94:43:105":2,"b:47:4:49:Infinity:undefined:undefined:undefined:undefined":3,"s:47:4:49:Infinity":13,"b:47:8:47:17:47:17:47:33":4,"s:48:6:48:Infinity":14,"s:51:4:51:Infinity":15,"f:53:2:53:3":4,"s:54:4:54:Infinity":16,"s:55:4:55:Infinity":17,"s:60:0:166:Infinity":18,"f:61:2:61:3":5,"b:63:4:65:Infinity:undefined:undefined:undefined:undefined":5,"s:63:4:65:Infinity":19,"s:64:6:64:Infinity":20,"s:68:4:68:Infinity":21,"f:70:2:70:9":6,"s:71:28:71:Infinity":22,"b:74:4:77:Infinity:undefined:undefined:undefined:undefined":6,"s:74:4:77:Infinity":23,"s:75:6:75:Infinity":24,"s:76:6:76:Infinity":25,"s:79:29:79:Infinity":26,"s:80:21:80:Infinity":27,"b:80:21:80:46:80:46:80:Infinity":7,"b:83:4:85:Infinity:undefined:undefined:undefined:undefined":8,"s:83:4:85:Infinity":28,"s:84:6:84:Infinity":29,"b:88:4:145:Infinity:undefined:undefined:undefined:undefined":9,"s:88:4:145:Infinity":30,"b:88:8:88:26:88:26:88:51":10,"b:89:6:99:Infinity:undefined:undefined:undefined:undefined":11,"s:89:6:99:Infinity":31,"s:91:8:98:Infinity":32,"f:91:27:91:28":7,"s:92:10:97:Infinity":33,"f:92:32:92:33":8,"b:93:12:95:Infinity:undefined:undefined:undefined:undefined":12,"s:93:12:95:Infinity":34,"s:94:14:94:Infinity":35,"s:96:12:96:Infinity":36,"s:101:6:101:Infinity":37,"s:102:6:102:Infinity":38,"s:104:6:144:Infinity":39,"s:105:29:105:Infinity":40,"b:106:8:108:Infinity:undefined:undefined:undefined:undefined":13,"s:106:8:108:Infinity":41,"s:107:10:107:Infinity":42,"s:111:25:113:Infinity":43,"s:115:57:115:Infinity":44,"s:118:8:118:Infinity":45,"s:119:8:119:Infinity":46,"s:122:14:122:Infinity":47,"s:123:8:123:Infinity":48,"s:126:8:126:Infinity":49,"b:129:8:131:Infinity:undefined:undefined:undefined:undefined":14,"s:129:8:131:Infinity":50,"s:130:10:130:Infinity":51,"s:132:8:132:Infinity":52,"s:135:14:135:Infinity":53,"s:136:8:136:Infinity":54,"s:138:8:138:Infinity":55,"s:139:8:139:Infinity":56,"s:141:8:141:Infinity":57,"s:143:8:143:Infinity":58,"b:148:4:162:Infinity:150:4:162:Infinity":15,"s:148:4:162:Infinity":59,"s:149:6:149:Infinity":60,"b:150:4:162:Infinity:154:4:162:Infinity":16,"s:150:4:162:Infinity":61,"s:153:6:153:Infinity":62,"b:154:4:162:Infinity:160:9:162:Infinity":17,"s:154:4:162:Infinity":63,"s:157:6:157:Infinity":64,"s:161:6:161:Infinity":65,"s:164:4:164:Infinity":66}}}
,"/root/.openclaw/workspace/code/big-screen-frontend/src/api/types.ts": {"path":"/root/.openclaw/workspace/code/big-screen-frontend/src/api/types.ts","statementMap":{},"fnMap":{},"branchMap":{},"s":{},"f":{},"b":{},"meta":{"lastBranch":0,"lastFunction":0,"lastStatement":0,"seen":{}}}
,"/root/.openclaw/workspace/code/big-screen-frontend/src/components/Charts/BarChart.vue": {"path":"/root/.openclaw/workspace/code/big-screen-frontend/src/components/Charts/BarChart.vue","statementMap":{"0":{"start":{"line":44,"column":14},"end":{"line":44,"column":null}},"1":{"start":{"line":52,"column":13},"end":{"line":52,"column":null}},"2":{"start":{"line":57,"column":6},"end":{"line":57,"column":null}},"3":{"start":{"line":60,"column":38},"end":{"line":71,"column":null}},"4":{"start":{"line":74,"column":6},"end":{"line":74,"column":null}},"5":{"start":{"line":74,"column":30},"end":{"line":74,"column":80}},"6":{"start":{"line":77,"column":6},"end":{"line":77,"column":null}},"7":{"start":{"line":77,"column":24},"end":{"line":77,"column":57}},"8":{"start":{"line":80,"column":6},"end":{"line":202,"column":null}},"9":{"start":{"line":81,"column":17},"end":{"line":81,"column":null}},"10":{"start":{"line":82,"column":15},"end":{"line":82,"column":null}},"11":{"start":{"line":83,"column":16},"end":{"line":83,"column":null}},"12":{"start":{"line":83,"column":55},"end":{"line":83,"column":80}},"13":{"start":{"line":86,"column":22},"end":{"line":86,"column":null}},"14":{"start":{"line":88,"column":2},"end":{"line":140,"column":null}},"15":{"start":{"line":90,"column":4},"end":{"line":115,"column":null}},"16":{"start":{"line":91,"column":25},"end":{"line":96,"column":null}},"17":{"start":{"line":92,"column":8},"end":{"line":94,"column":null}},"18":{"start":{"line":93,"column":10},"end":{"line":93,"column":null}},"19":{"start":{"line":95,"column":8},"end":{"line":95,"column":null}},"20":{"start":{"line":98,"column":6},"end":{"line":114,"column":null}},"21":{"start":{"line":118,"column":4},"end":{"line":139,"column":null}},"22":{"start":{"line":121,"column":37},"end":{"line":124,"column":8}},"23":{"start":{"line":128,"column":10},"end":{"line":128,"column":null}},"24":{"start":{"line":142,"column":2},"end":{"line":201,"column":null}},"25":{"start":{"line":159,"column":21},"end":{"line":159,"column":null}},"26":{"start":{"line":160,"column":8},"end":{"line":162,"column":null}},"27":{"start":{"line":161,"column":10},"end":{"line":161,"column":null}},"28":{"start":{"line":163,"column":8},"end":{"line":163,"column":null}},"29":{"start":{"line":181,"column":31},"end":{"line":181,"column":69}},"30":{"start":{"line":195,"column":31},"end":{"line":195,"column":69}},"31":{"start":{"line":206,"column":2},"end":{"line":206,"column":null}},"32":{"start":{"line":210,"column":2},"end":{"line":210,"column":null}},"33":{"start":{"line":214,"column":0},"end":{"line":220,"column":null}},"34":{"start":{"line":215,"column":21},"end":{"line":215,"column":null}},"35":{"start":{"line":216,"column":16},"end":{"line":216,"column":null}},"36":{"start":{"line":218,"column":4},"end":{"line":218,"column":null}}},"fnMap":{"0":{"name":"(anonymous_0)","decl":{"start":{"line":74,"column":30},"end":{"line":74,"column":36}},"loc":{"start":{"line":74,"column":30},"end":{"line":74,"column":80}},"line":74},"1":{"name":"(anonymous_1)","decl":{"start":{"line":77,"column":24},"end":{"line":77,"column":30}},"loc":{"start":{"line":77,"column":24},"end":{"line":77,"column":57}},"line":77},"2":{"name":"(anonymous_2)","decl":{"start":{"line":80,"column":48},"end":{"line":80,"column":54}},"loc":{"start":{"line":80,"column":54},"end":{"line":202,"column":1}},"line":80},"3":{"name":"(anonymous_3)","decl":{"start":{"line":83,"column":40},"end":{"line":83,"column":41}},"loc":{"start":{"line":83,"column":55},"end":{"line":83,"column":80}},"line":83},"4":{"name":"(anonymous_4)","decl":{"start":{"line":90,"column":35},"end":{"line":90,"column":36}},"loc":{"start":{"line":90,"column":52},"end":{"line":115,"column":5}},"line":90},"5":{"name":"(anonymous_5)","decl":{"start":{"line":91,"column":34},"end":{"line":91,"column":35}},"loc":{"start":{"line":91,"column":49},"end":{"line":96,"column":7}},"line":91},"6":{"name":"(anonymous_6)","decl":{"start":{"line":121,"column":21},"end":{"line":121,"column":22}},"loc":{"start":{"line":121,"column":37},"end":{"line":124,"column":8}},"line":121},"7":{"name":"(anonymous_7)","decl":{"start":{"line":127,"column":15},"end":{"line":127,"column":16}},"loc":{"start":{"line":127,"column":32},"end":{"line":129,"column":null}},"line":127},"8":{"name":"(anonymous_8)","decl":{"start":{"line":158,"column":17},"end":{"line":158,"column":18}},"loc":{"start":{"line":158,"column":34},"end":{"line":164,"column":null}},"line":158},"9":{"name":"(anonymous_9)","decl":{"start":{"line":160,"column":23},"end":{"line":160,"column":24}},"loc":{"start":{"line":160,"column":38},"end":{"line":162,"column":9}},"line":160},"10":{"name":"(anonymous_10)","decl":{"start":{"line":181,"column":30},"end":{"line":181,"column":31}},"loc":{"start":{"line":181,"column":31},"end":{"line":181,"column":69}},"line":181},"11":{"name":"(anonymous_11)","decl":{"start":{"line":195,"column":30},"end":{"line":195,"column":31}},"loc":{"start":{"line":195,"column":31},"end":{"line":195,"column":69}},"line":195},"12":{"name":"handleClick","decl":{"start":{"line":205,"column":9},"end":{"line":205,"column":21}},"loc":{"start":{"line":205,"column":34},"end":{"line":207,"column":null}},"line":205},"13":{"name":"handleDblClick","decl":{"start":{"line":209,"column":9},"end":{"line":209,"column":24}},"loc":{"start":{"line":209,"column":37},"end":{"line":211,"column":null}},"line":209},"14":{"name":"(anonymous_14)","decl":{"start":{"line":215,"column":15},"end":{"line":215,"column":21}},"loc":{"start":{"line":215,"column":21},"end":{"line":215,"column":null}},"line":215},"15":{"name":"(anonymous_15)","decl":{"start":{"line":216,"column":10},"end":{"line":216,"column":16}},"loc":{"start":{"line":216,"column":16},"end":{"line":216,"column":null}},"line":216},"16":{"name":"(anonymous_16)","decl":{"start":{"line":217,"column":13},"end":{"line":217,"column":14}},"loc":{"start":{"line":217,"column":72},"end":{"line":219,"column":null}},"line":217}},"branchMap":{"0":{"loc":{"start":{"line":74,"column":61},"end":{"line":74,"column":79}},"type":"binary-expr","locations":[{"start":{"line":74,"column":61},"end":{"line":74,"column":77}},{"start":{"line":74,"column":77},"end":{"line":74,"column":79}}],"line":74},"1":{"loc":{"start":{"line":83,"column":16},"end":{"line":83,"column":null}},"type":"binary-expr","locations":[{"start":{"line":83,"column":16},"end":{"line":83,"column":31}},{"start":{"line":83,"column":31},"end":{"line":83,"column":null}}],"line":83},"2":{"loc":{"start":{"line":83,"column":55},"end":{"line":83,"column":80}},"type":"binary-expr","locations":[{"start":{"line":83,"column":55},"end":{"line":83,"column":68}},{"start":{"line":83,"column":68},"end":{"line":83,"column":78}},{"start":{"line":83,"column":78},"end":{"line":83,"column":80}}],"line":83},"3":{"loc":{"start":{"line":88,"column":2},"end":{"line":140,"column":null}},"type":"if","locations":[{"start":{"line":88,"column":2},"end":{"line":140,"column":null}},{"start":{"line":116,"column":9},"end":{"line":140,"column":null}}],"line":88},"4":{"loc":{"start":{"line":88,"column":6},"end":{"line":88,"column":57}},"type":"binary-expr","locations":[{"start":{"line":88,"column":6},"end":{"line":88,"column":27}},{"start":{"line":88,"column":27},"end":{"line":88,"column":57}}],"line":88},"5":{"loc":{"start":{"line":92,"column":8},"end":{"line":94,"column":null}},"type":"if","locations":[{"start":{"line":92,"column":8},"end":{"line":94,"column":null}},{"start":{},"end":{}}],"line":92},"6":{"loc":{"start":{"line":95,"column":15},"end":{"line":95,"column":null}},"type":"binary-expr","locations":[{"start":{"line":95,"column":15},"end":{"line":95,"column":29}},{"start":{"line":95,"column":29},"end":{"line":95,"column":43}},{"start":{"line":95,"column":43},"end":{"line":95,"column":null}}],"line":95},"7":{"loc":{"start":{"line":101,"column":15},"end":{"line":101,"column":null}},"type":"cond-expr","locations":[{"start":{"line":101,"column":30},"end":{"line":101,"column":40}},{"start":{"line":101,"column":40},"end":{"line":101,"column":null}}],"line":101},"8":{"loc":{"start":{"line":112,"column":20},"end":{"line":112,"column":null}},"type":"cond-expr","locations":[{"start":{"line":112,"column":40},"end":{"line":112,"column":50}},{"start":{"line":112,"column":50},"end":{"line":112,"column":null}}],"line":112},"9":{"loc":{"start":{"line":122,"column":14},"end":{"line":122,"column":null}},"type":"binary-expr","locations":[{"start":{"line":122,"column":14},"end":{"line":122,"column":27}},{"start":{"line":122,"column":27},"end":{"line":122,"column":null}}],"line":122},"10":{"loc":{"start":{"line":123,"column":15},"end":{"line":123,"column":null}},"type":"binary-expr","locations":[{"start":{"line":123,"column":15},"end":{"line":123,"column":29}},{"start":{"line":123,"column":29},"end":{"line":123,"column":39}},{"start":{"line":123,"column":39},"end":{"line":123,"column":null}}],"line":123},"11":{"loc":{"start":{"line":136,"column":18},"end":{"line":136,"column":null}},"type":"cond-expr","locations":[{"start":{"line":136,"column":38},"end":{"line":136,"column":48}},{"start":{"line":136,"column":48},"end":{"line":136,"column":null}}],"line":136},"12":{"loc":{"start":{"line":144,"column":21},"end":{"line":144,"column":null}},"type":"binary-expr","locations":[{"start":{"line":144,"column":21},"end":{"line":144,"column":47}},{"start":{"line":144,"column":47},"end":{"line":144,"column":null}}],"line":144},"13":{"loc":{"start":{"line":145,"column":11},"end":{"line":152,"column":null}},"type":"cond-expr","locations":[{"start":{"line":145,"column":30},"end":{"line":152,"column":8}},{"start":{"line":152,"column":8},"end":{"line":152,"column":null}}],"line":145},"14":{"loc":{"start":{"line":153,"column":13},"end":{"line":165,"column":null}},"type":"cond-expr","locations":[{"start":{"line":153,"column":34},"end":{"line":165,"column":8}},{"start":{"line":165,"column":8},"end":{"line":165,"column":null}}],"line":153},"15":{"loc":{"start":{"line":166,"column":12},"end":{"line":170,"column":null}},"type":"cond-expr","locations":[{"start":{"line":166,"column":32},"end":{"line":170,"column":8}},{"start":{"line":170,"column":8},"end":{"line":170,"column":null}}],"line":166},"16":{"loc":{"start":{"line":168,"column":7},"end":{"line":168,"column":37}},"type":"binary-expr","locations":[{"start":{"line":168,"column":7},"end":{"line":168,"column":32}},{"start":{"line":168,"column":32},"end":{"line":168,"column":37}}],"line":168},"17":{"loc":{"start":{"line":178,"column":11},"end":{"line":187,"column":null}},"type":"cond-expr","locations":[{"start":{"line":178,"column":31},"end":{"line":182,"column":8}},{"start":{"line":182,"column":8},"end":{"line":187,"column":null}}],"line":178},"18":{"loc":{"start":{"line":186,"column":40},"end":{"line":186,"column":67}},"type":"cond-expr","locations":[{"start":{"line":186,"column":60},"end":{"line":186,"column":65}},{"start":{"line":186,"column":65},"end":{"line":186,"column":67}}],"line":186},"19":{"loc":{"start":{"line":188,"column":11},"end":{"line":196,"column":null}},"type":"cond-expr","locations":[{"start":{"line":188,"column":31},"end":{"line":192,"column":8}},{"start":{"line":192,"column":8},"end":{"line":196,"column":null}}],"line":188},"20":{"loc":{"start":{"line":198,"column":15},"end":{"line":198,"column":null}},"type":"binary-expr","locations":[{"start":{"line":198,"column":15},"end":{"line":198,"column":44}},{"start":{"line":198,"column":44},"end":{"line":198,"column":null}}],"line":198},"21":{"loc":{"start":{"line":199,"column":23},"end":{"line":199,"column":null}},"type":"binary-expr","locations":[{"start":{"line":199,"column":23},"end":{"line":199,"column":53}},{"start":{"line":199,"column":53},"end":{"line":199,"column":null}}],"line":199},"22":{"loc":{"start":{"line":200,"column":21},"end":{"line":200,"column":null}},"type":"binary-expr","locations":[{"start":{"line":200,"column":21},"end":{"line":200,"column":49}},{"start":{"line":200,"column":49},"end":{"line":200,"column":null}}],"line":200}},"s":{"0":0,"1":0,"2":0,"3":0,"4":0,"5":0,"6":0,"7":0,"8":0,"9":0,"10":0,"11":0,"12":0,"13":0,"14":0,"15":0,"16":0,"17":0,"18":0,"19":0,"20":0,"21":0,"22":0,"23":0,"24":0,"25":0,"26":0,"27":0,"28":0,"29":0,"30":0,"31":0,"32":0,"33":0,"34":0,"35":0,"36":0},"f":{"0":0,"1":0,"2":0,"3":0,"4":0,"5":0,"6":0,"7":0,"8":0,"9":0,"10":0,"11":0,"12":0,"13":0,"14":0,"15":0,"16":0},"b":{"0":[0,0],"1":[0,0],"2":[0,0,0],"3":[0,0],"4":[0,0],"5":[0,0],"6":[0,0,0],"7":[0,0],"8":[0,0],"9":[0,0],"10":[0,0,0],"11":[0,0],"12":[0,0],"13":[0,0],"14":[0,0],"15":[0,0],"16":[0,0],"17":[0,0],"18":[0,0],"19":[0,0],"20":[0,0],"21":[0,0],"22":[0,0]},"meta":{"lastBranch":23,"lastFunction":17,"lastStatement":37,"seen":{"s:44:14:44:Infinity":0,"s:52:13:52:Infinity":1,"s:57:6:57:Infinity":2,"s:60:38:71:Infinity":3,"s:74:6:74:Infinity":4,"f:74:30:74:36":0,"s:74:30:74:80":5,"b:74:61:74:77:74:77:74:79":0,"s:77:6:77:Infinity":6,"f:77:24:77:30":1,"s:77:24:77:57":7,"s:80:6:202:Infinity":8,"f:80:48:80:54":2,"s:81:17:81:Infinity":9,"s:82:15:82:Infinity":10,"s:83:16:83:Infinity":11,"b:83:16:83:31:83:31:83:Infinity":1,"f:83:40:83:41":3,"s:83:55:83:80":12,"b:83:55:83:68:83:68:83:78:83:78:83:80":2,"s:86:22:86:Infinity":13,"b:88:2:140:Infinity:116:9:140:Infinity":3,"s:88:2:140:Infinity":14,"b:88:6:88:27:88:27:88:57":4,"s:90:4:115:Infinity":15,"f:90:35:90:36":4,"s:91:25:96:Infinity":16,"f:91:34:91:35":5,"b:92:8:94:Infinity:undefined:undefined:undefined:undefined":5,"s:92:8:94:Infinity":17,"s:93:10:93:Infinity":18,"s:95:8:95:Infinity":19,"b:95:15:95:29:95:29:95:43:95:43:95:Infinity":6,"s:98:6:114:Infinity":20,"b:101:30:101:40:101:40:101:Infinity":7,"b:112:40:112:50:112:50:112:Infinity":8,"s:118:4:139:Infinity":21,"f:121:21:121:22":6,"s:121:37:124:8":22,"b:122:14:122:27:122:27:122:Infinity":9,"b:123:15:123:29:123:29:123:39:123:39:123:Infinity":10,"f:127:15:127:16":7,"s:128:10:128:Infinity":23,"b:136:38:136:48:136:48:136:Infinity":11,"s:142:2:201:Infinity":24,"b:144:21:144:47:144:47:144:Infinity":12,"b:145:30:152:8:152:8:152:Infinity":13,"b:153:34:165:8:165:8:165:Infinity":14,"f:158:17:158:18":8,"s:159:21:159:Infinity":25,"s:160:8:162:Infinity":26,"f:160:23:160:24":9,"s:161:10:161:Infinity":27,"s:163:8:163:Infinity":28,"b:166:32:170:8:170:8:170:Infinity":15,"b:168:7:168:32:168:32:168:37":16,"b:178:31:182:8:182:8:187:Infinity":17,"f:181:30:181:31":10,"s:181:31:181:69":29,"b:186:60:186:65:186:65:186:67":18,"b:188:31:192:8:192:8:196:Infinity":19,"f:195:30:195:31":11,"s:195:31:195:69":30,"b:198:15:198:44:198:44:198:Infinity":20,"b:199:23:199:53:199:53:199:Infinity":21,"b:200:21:200:49:200:49:200:Infinity":22,"f:205:9:205:21":12,"s:206:2:206:Infinity":31,"f:209:9:209:24":13,"s:210:2:210:Infinity":32,"s:214:0:220:Infinity":33,"f:215:15:215:21":14,"s:215:21:215:Infinity":34,"f:216:10:216:16":15,"s:216:16:216:Infinity":35,"f:217:13:217:14":16,"s:218:4:218:Infinity":36}}}
,"/root/.openclaw/workspace/code/big-screen-frontend/src/components/Charts/BaseChart.vue": {"path":"/root/.openclaw/workspace/code/big-screen-frontend/src/components/Charts/BaseChart.vue","statementMap":{"0":{"start":{"line":20,"column":14},"end":{"line":20,"column":null}},"1":{"start":{"line":28,"column":6},"end":{"line":28,"column":null}},"2":{"start":{"line":29,"column":36},"end":{"line":29,"column":null}},"3":{"start":{"line":30,"column":44},"end":{"line":30,"column":null}},"4":{"start":{"line":33,"column":18},"end":{"line":53,"column":null}},"5":{"start":{"line":34,"column":2},"end":{"line":34,"column":null}},"6":{"start":{"line":34,"column":23},"end":{"line":34,"column":null}},"7":{"start":{"line":37,"column":2},"end":{"line":39,"column":null}},"8":{"start":{"line":38,"column":4},"end":{"line":38,"column":null}},"9":{"start":{"line":42,"column":2},"end":{"line":42,"column":null}},"10":{"start":{"line":45,"column":2},"end":{"line":47,"column":null}},"11":{"start":{"line":46,"column":4},"end":{"line":46,"column":null}},"12":{"start":{"line":50,"column":2},"end":{"line":52,"column":null}},"13":{"start":{"line":51,"column":4},"end":{"line":51,"column":null}},"14":{"start":{"line":56,"column":28},"end":{"line":64,"column":null}},"15":{"start":{"line":57,"column":2},"end":{"line":57,"column":null}},"16":{"start":{"line":57,"column":49},"end":{"line":57,"column":null}},"17":{"start":{"line":59,"column":2},"end":{"line":61,"column":null}},"18":{"start":{"line":60,"column":4},"end":{"line":60,"column":null}},"19":{"start":{"line":63,"column":2},"end":{"line":63,"column":null}},"20":{"start":{"line":67,"column":0},"end":{"line":71,"column":null}},"21":{"start":{"line":67,"column":12},"end":{"line":67,"column":26}},"22":{"start":{"line":68,"column":2},"end":{"line":70,"column":null}},"23":{"start":{"line":69,"column":4},"end":{"line":69,"column":null}},"24":{"start":{"line":74,"column":0},"end":{"line":78,"column":null}},"25":{"start":{"line":74,"column":12},"end":{"line":74,"column":25}},"26":{"start":{"line":75,"column":2},"end":{"line":77,"column":null}},"27":{"start":{"line":76,"column":4},"end":{"line":76,"column":null}},"28":{"start":{"line":81,"column":0},"end":{"line":94,"column":null}},"29":{"start":{"line":81,"column":12},"end":{"line":81,"column":27}},"30":{"start":{"line":82,"column":2},"end":{"line":93,"column":null}},"31":{"start":{"line":83,"column":4},"end":{"line":92,"column":null}},"32":{"start":{"line":84,"column":6},"end":{"line":89,"column":null}},"33":{"start":{"line":91,"column":6},"end":{"line":91,"column":null}},"34":{"start":{"line":97,"column":0},"end":{"line":101,"column":null}},"35":{"start":{"line":98,"column":2},"end":{"line":100,"column":null}},"36":{"start":{"line":99,"column":4},"end":{"line":99,"column":null}},"37":{"start":{"line":103,"column":0},"end":{"line":111,"column":null}},"38":{"start":{"line":104,"column":2},"end":{"line":106,"column":null}},"39":{"start":{"line":105,"column":4},"end":{"line":105,"column":null}},"40":{"start":{"line":107,"column":2},"end":{"line":110,"column":null}},"41":{"start":{"line":108,"column":4},"end":{"line":108,"column":null}},"42":{"start":{"line":109,"column":4},"end":{"line":109,"column":null}},"43":{"start":{"line":114,"column":0},"end":{"line":123,"column":null}},"44":{"start":{"line":115,"column":21},"end":{"line":115,"column":null}},"45":{"start":{"line":116,"column":16},"end":{"line":116,"column":null}},"46":{"start":{"line":118,"column":4},"end":{"line":118,"column":null}},"47":{"start":{"line":120,"column":15},"end":{"line":120,"column":null}},"48":{"start":{"line":121,"column":33},"end":{"line":121,"column":null}},"49":{"start":{"line":122,"column":42},"end":{"line":122,"column":null}}},"fnMap":{"0":{"name":"(anonymous_0)","decl":{"start":{"line":33,"column":18},"end":{"line":33,"column":24}},"loc":{"start":{"line":33,"column":24},"end":{"line":53,"column":null}},"line":33},"1":{"name":"(anonymous_1)","decl":{"start":{"line":56,"column":28},"end":{"line":56,"column":34}},"loc":{"start":{"line":56,"column":34},"end":{"line":64,"column":null}},"line":56},"2":{"name":"(anonymous_2)","decl":{"start":{"line":59,"column":38},"end":{"line":59,"column":44}},"loc":{"start":{"line":59,"column":44},"end":{"line":61,"column":3}},"line":59},"3":{"name":"(anonymous_3)","decl":{"start":{"line":67,"column":6},"end":{"line":67,"column":12}},"loc":{"start":{"line":67,"column":12},"end":{"line":67,"column":26}},"line":67},"4":{"name":"(anonymous_4)","decl":{"start":{"line":67,"column":26},"end":{"line":67,"column":27}},"loc":{"start":{"line":67,"column":41},"end":{"line":71,"column":3}},"line":67},"5":{"name":"(anonymous_5)","decl":{"start":{"line":74,"column":6},"end":{"line":74,"column":12}},"loc":{"start":{"line":74,"column":12},"end":{"line":74,"column":25}},"line":74},"6":{"name":"(anonymous_6)","decl":{"start":{"line":74,"column":25},"end":{"line":74,"column":31}},"loc":{"start":{"line":74,"column":31},"end":{"line":78,"column":1}},"line":74},"7":{"name":"(anonymous_7)","decl":{"start":{"line":75,"column":11},"end":{"line":75,"column":17}},"loc":{"start":{"line":75,"column":17},"end":{"line":77,"column":3}},"line":75},"8":{"name":"(anonymous_8)","decl":{"start":{"line":81,"column":6},"end":{"line":81,"column":12}},"loc":{"start":{"line":81,"column":12},"end":{"line":81,"column":27}},"line":81},"9":{"name":"(anonymous_9)","decl":{"start":{"line":81,"column":27},"end":{"line":81,"column":28}},"loc":{"start":{"line":81,"column":42},"end":{"line":94,"column":1}},"line":81},"10":{"name":"(anonymous_10)","decl":{"start":{"line":97,"column":10},"end":{"line":97,"column":16}},"loc":{"start":{"line":97,"column":16},"end":{"line":101,"column":1}},"line":97},"11":{"name":"(anonymous_11)","decl":{"start":{"line":98,"column":11},"end":{"line":98,"column":17}},"loc":{"start":{"line":98,"column":17},"end":{"line":100,"column":3}},"line":98},"12":{"name":"(anonymous_12)","decl":{"start":{"line":103,"column":12},"end":{"line":103,"column":18}},"loc":{"start":{"line":103,"column":18},"end":{"line":111,"column":1}},"line":103},"13":{"name":"(anonymous_13)","decl":{"start":{"line":115,"column":15},"end":{"line":115,"column":21}},"loc":{"start":{"line":115,"column":21},"end":{"line":115,"column":null}},"line":115},"14":{"name":"(anonymous_14)","decl":{"start":{"line":116,"column":10},"end":{"line":116,"column":16}},"loc":{"start":{"line":116,"column":16},"end":{"line":116,"column":null}},"line":116},"15":{"name":"(anonymous_15)","decl":{"start":{"line":117,"column":13},"end":{"line":117,"column":14}},"loc":{"start":{"line":117,"column":60},"end":{"line":119,"column":null}},"line":117},"16":{"name":"(anonymous_16)","decl":{"start":{"line":120,"column":9},"end":{"line":120,"column":15}},"loc":{"start":{"line":120,"column":15},"end":{"line":120,"column":null}},"line":120},"17":{"name":"(anonymous_17)","decl":{"start":{"line":121,"column":14},"end":{"line":121,"column":15}},"loc":{"start":{"line":121,"column":33},"end":{"line":121,"column":null}},"line":121},"18":{"name":"(anonymous_18)","decl":{"start":{"line":122,"column":23},"end":{"line":122,"column":24}},"loc":{"start":{"line":122,"column":42},"end":{"line":122,"column":null}},"line":122}},"branchMap":{"0":{"loc":{"start":{"line":34,"column":2},"end":{"line":34,"column":null}},"type":"if","locations":[{"start":{"line":34,"column":2},"end":{"line":34,"column":null}},{"start":{},"end":{}}],"line":34},"1":{"loc":{"start":{"line":37,"column":2},"end":{"line":39,"column":null}},"type":"if","locations":[{"start":{"line":37,"column":2},"end":{"line":39,"column":null}},{"start":{},"end":{}}],"line":37},"2":{"loc":{"start":{"line":45,"column":2},"end":{"line":47,"column":null}},"type":"if","locations":[{"start":{"line":45,"column":2},"end":{"line":47,"column":null}},{"start":{},"end":{}}],"line":45},"3":{"loc":{"start":{"line":50,"column":2},"end":{"line":52,"column":null}},"type":"if","locations":[{"start":{"line":50,"column":2},"end":{"line":52,"column":null}},{"start":{},"end":{}}],"line":50},"4":{"loc":{"start":{"line":57,"column":2},"end":{"line":57,"column":null}},"type":"if","locations":[{"start":{"line":57,"column":2},"end":{"line":57,"column":null}},{"start":{},"end":{}}],"line":57},"5":{"loc":{"start":{"line":57,"column":6},"end":{"line":57,"column":49}},"type":"binary-expr","locations":[{"start":{"line":57,"column":6},"end":{"line":57,"column":25}},{"start":{"line":57,"column":25},"end":{"line":57,"column":49}}],"line":57},"6":{"loc":{"start":{"line":68,"column":2},"end":{"line":70,"column":null}},"type":"if","locations":[{"start":{"line":68,"column":2},"end":{"line":70,"column":null}},{"start":{},"end":{}}],"line":68},"7":{"loc":{"start":{"line":68,"column":6},"end":{"line":68,"column":34}},"type":"binary-expr","locations":[{"start":{"line":68,"column":6},"end":{"line":68,"column":23}},{"start":{"line":68,"column":23},"end":{"line":68,"column":34}}],"line":68},"8":{"loc":{"start":{"line":82,"column":2},"end":{"line":93,"column":null}},"type":"if","locations":[{"start":{"line":82,"column":2},"end":{"line":93,"column":null}},{"start":{},"end":{}}],"line":82},"9":{"loc":{"start":{"line":83,"column":4},"end":{"line":92,"column":null}},"type":"if","locations":[{"start":{"line":83,"column":4},"end":{"line":92,"column":null}},{"start":{"line":90,"column":11},"end":{"line":92,"column":null}}],"line":83},"10":{"loc":{"start":{"line":104,"column":2},"end":{"line":106,"column":null}},"type":"if","locations":[{"start":{"line":104,"column":2},"end":{"line":106,"column":null}},{"start":{},"end":{}}],"line":104},"11":{"loc":{"start":{"line":107,"column":2},"end":{"line":110,"column":null}},"type":"if","locations":[{"start":{"line":107,"column":2},"end":{"line":110,"column":null}},{"start":{},"end":{}}],"line":107}},"s":{"0":0,"1":0,"2":0,"3":0,"4":0,"5":0,"6":0,"7":0,"8":0,"9":0,"10":0,"11":0,"12":0,"13":0,"14":0,"15":0,"16":0,"17":0,"18":0,"19":0,"20":0,"21":0,"22":0,"23":0,"24":0,"25":0,"26":0,"27":0,"28":0,"29":0,"30":0,"31":0,"32":0,"33":0,"34":0,"35":0,"36":0,"37":0,"38":0,"39":0,"40":0,"41":0,"42":0,"43":0,"44":0,"45":0,"46":0,"47":0,"48":0,"49":0},"f":{"0":0,"1":0,"2":0,"3":0,"4":0,"5":0,"6":0,"7":0,"8":0,"9":0,"10":0,"11":0,"12":0,"13":0,"14":0,"15":0,"16":0,"17":0,"18":0},"b":{"0":[0,0],"1":[0,0],"2":[0,0],"3":[0,0],"4":[0,0],"5":[0,0],"6":[0,0],"7":[0,0],"8":[0,0],"9":[0,0],"10":[0,0],"11":[0,0]},"meta":{"lastBranch":12,"lastFunction":19,"lastStatement":50,"seen":{"s:20:14:20:Infinity":0,"s:28:6:28:Infinity":1,"s:29:36:29:Infinity":2,"s:30:44:30:Infinity":3,"s:33:18:53:Infinity":4,"f:33:18:33:24":0,"b:34:2:34:Infinity:undefined:undefined:undefined:undefined":0,"s:34:2:34:Infinity":5,"s:34:23:34:Infinity":6,"b:37:2:39:Infinity:undefined:undefined:undefined:undefined":1,"s:37:2:39:Infinity":7,"s:38:4:38:Infinity":8,"s:42:2:42:Infinity":9,"b:45:2:47:Infinity:undefined:undefined:undefined:undefined":2,"s:45:2:47:Infinity":10,"s:46:4:46:Infinity":11,"b:50:2:52:Infinity:undefined:undefined:undefined:undefined":3,"s:50:2:52:Infinity":12,"s:51:4:51:Infinity":13,"s:56:28:64:Infinity":14,"f:56:28:56:34":1,"b:57:2:57:Infinity:undefined:undefined:undefined:undefined":4,"s:57:2:57:Infinity":15,"b:57:6:57:25:57:25:57:49":5,"s:57:49:57:Infinity":16,"s:59:2:61:Infinity":17,"f:59:38:59:44":2,"s:60:4:60:Infinity":18,"s:63:2:63:Infinity":19,"s:67:0:71:Infinity":20,"f:67:6:67:12":3,"s:67:12:67:26":21,"f:67:26:67:27":4,"b:68:2:70:Infinity:undefined:undefined:undefined:undefined":6,"s:68:2:70:Infinity":22,"b:68:6:68:23:68:23:68:34":7,"s:69:4:69:Infinity":23,"s:74:0:78:Infinity":24,"f:74:6:74:12":5,"s:74:12:74:25":25,"f:74:25:74:31":6,"s:75:2:77:Infinity":26,"f:75:11:75:17":7,"s:76:4:76:Infinity":27,"s:81:0:94:Infinity":28,"f:81:6:81:12":8,"s:81:12:81:27":29,"f:81:27:81:28":9,"b:82:2:93:Infinity:undefined:undefined:undefined:undefined":8,"s:82:2:93:Infinity":30,"b:83:4:92:Infinity:90:11:92:Infinity":9,"s:83:4:92:Infinity":31,"s:84:6:89:Infinity":32,"s:91:6:91:Infinity":33,"s:97:0:101:Infinity":34,"f:97:10:97:16":10,"s:98:2:100:Infinity":35,"f:98:11:98:17":11,"s:99:4:99:Infinity":36,"s:103:0:111:Infinity":37,"f:103:12:103:18":12,"b:104:2:106:Infinity:undefined:undefined:undefined:undefined":10,"s:104:2:106:Infinity":38,"s:105:4:105:Infinity":39,"b:107:2:110:Infinity:undefined:undefined:undefined:undefined":11,"s:107:2:110:Infinity":40,"s:108:4:108:Infinity":41,"s:109:4:109:Infinity":42,"s:114:0:123:Infinity":43,"f:115:15:115:21":13,"s:115:21:115:Infinity":44,"f:116:10:116:16":14,"s:116:16:116:Infinity":45,"f:117:13:117:14":15,"s:118:4:118:Infinity":46,"f:120:9:120:15":16,"s:120:15:120:Infinity":47,"f:121:14:121:15":17,"s:121:33:121:Infinity":48,"f:122:23:122:24":18,"s:122:42:122:Infinity":49}}}
,"/root/.openclaw/workspace/code/big-screen-frontend/src/components/Charts/BoxplotChart.vue": {"path":"/root/.openclaw/workspace/code/big-screen-frontend/src/components/Charts/BoxplotChart.vue","statementMap":{"0":{"start":{"line":34,"column":14},"end":{"line":34,"column":null}},"1":{"start":{"line":42,"column":13},"end":{"line":42,"column":null}},"2":{"start":{"line":47,"column":6},"end":{"line":47,"column":null}},"3":{"start":{"line":49,"column":42},"end":{"line":60,"column":null}},"4":{"start":{"line":62,"column":6},"end":{"line":62,"column":null}},"5":{"start":{"line":62,"column":30},"end":{"line":62,"column":80}},"6":{"start":{"line":63,"column":6},"end":{"line":63,"column":null}},"7":{"start":{"line":63,"column":24},"end":{"line":63,"column":57}},"8":{"start":{"line":67,"column":21},"end":{"line":67,"column":null}},"9":{"start":{"line":67,"column":60},"end":{"line":67,"column":72}},"10":{"start":{"line":69,"column":18},"end":{"line":75,"column":null}},"11":{"start":{"line":70,"column":4},"end":{"line":73,"column":null}},"12":{"start":{"line":72,"column":6},"end":{"line":72,"column":null}},"13":{"start":{"line":74,"column":4},"end":{"line":74,"column":null}},"14":{"start":{"line":77,"column":26},"end":{"line":77,"column":null}},"15":{"start":{"line":78,"column":2},"end":{"line":84,"column":null}},"16":{"start":{"line":79,"column":4},"end":{"line":83,"column":null}},"17":{"start":{"line":80,"column":6},"end":{"line":82,"column":null}},"18":{"start":{"line":81,"column":8},"end":{"line":81,"column":null}},"19":{"start":{"line":86,"column":2},"end":{"line":86,"column":null}},"20":{"start":{"line":89,"column":6},"end":{"line":171,"column":null}},"21":{"start":{"line":90,"column":17},"end":{"line":90,"column":null}},"22":{"start":{"line":91,"column":44},"end":{"line":91,"column":null}},"23":{"start":{"line":93,"column":23},"end":{"line":93,"column":null}},"24":{"start":{"line":95,"column":2},"end":{"line":170,"column":null}},"25":{"start":{"line":108,"column":8},"end":{"line":116,"column":null}},"26":{"start":{"line":109,"column":23},"end":{"line":109,"column":null}},"27":{"start":{"line":110,"column":10},"end":{"line":115,"column":null}},"28":{"start":{"line":117,"column":8},"end":{"line":117,"column":null}},"29":{"start":{"line":174,"column":2},"end":{"line":174,"column":null}},"30":{"start":{"line":178,"column":2},"end":{"line":178,"column":null}},"31":{"start":{"line":181,"column":0},"end":{"line":184,"column":null}},"32":{"start":{"line":182,"column":21},"end":{"line":182,"column":null}},"33":{"start":{"line":183,"column":16},"end":{"line":183,"column":null}}},"fnMap":{"0":{"name":"(anonymous_0)","decl":{"start":{"line":62,"column":30},"end":{"line":62,"column":36}},"loc":{"start":{"line":62,"column":30},"end":{"line":62,"column":80}},"line":62},"1":{"name":"(anonymous_1)","decl":{"start":{"line":63,"column":24},"end":{"line":63,"column":30}},"loc":{"start":{"line":63,"column":24},"end":{"line":63,"column":57}},"line":63},"2":{"name":"processBoxplotData","decl":{"start":{"line":66,"column":9},"end":{"line":66,"column":28}},"loc":{"start":{"line":66,"column":41},"end":{"line":87,"column":null}},"line":66},"3":{"name":"(anonymous_3)","decl":{"start":{"line":67,"column":50},"end":{"line":67,"column":51}},"loc":{"start":{"line":67,"column":60},"end":{"line":67,"column":72}},"line":67},"4":{"name":"(anonymous_4)","decl":{"start":{"line":69,"column":27},"end":{"line":69,"column":35}},"loc":{"start":{"line":69,"column":35},"end":{"line":75,"column":3}},"line":69},"5":{"name":"(anonymous_5)","decl":{"start":{"line":78,"column":15},"end":{"line":78,"column":16}},"loc":{"start":{"line":78,"column":32},"end":{"line":84,"column":3}},"line":78},"6":{"name":"(anonymous_6)","decl":{"start":{"line":80,"column":28},"end":{"line":80,"column":29}},"loc":{"start":{"line":80,"column":46},"end":{"line":82,"column":7}},"line":80},"7":{"name":"(anonymous_7)","decl":{"start":{"line":89,"column":48},"end":{"line":89,"column":54}},"loc":{"start":{"line":89,"column":54},"end":{"line":171,"column":1}},"line":89},"8":{"name":"(anonymous_8)","decl":{"start":{"line":107,"column":17},"end":{"line":107,"column":18}},"loc":{"start":{"line":107,"column":34},"end":{"line":118,"column":null}},"line":107},"9":{"name":"handleClick","decl":{"start":{"line":173,"column":9},"end":{"line":173,"column":21}},"loc":{"start":{"line":173,"column":34},"end":{"line":175,"column":null}},"line":173},"10":{"name":"handleDblClick","decl":{"start":{"line":177,"column":9},"end":{"line":177,"column":24}},"loc":{"start":{"line":177,"column":37},"end":{"line":179,"column":null}},"line":177},"11":{"name":"(anonymous_11)","decl":{"start":{"line":182,"column":15},"end":{"line":182,"column":21}},"loc":{"start":{"line":182,"column":21},"end":{"line":182,"column":null}},"line":182},"12":{"name":"(anonymous_12)","decl":{"start":{"line":183,"column":10},"end":{"line":183,"column":16}},"loc":{"start":{"line":183,"column":16},"end":{"line":183,"column":null}},"line":183}},"branchMap":{"0":{"loc":{"start":{"line":62,"column":61},"end":{"line":62,"column":79}},"type":"binary-expr","locations":[{"start":{"line":62,"column":61},"end":{"line":62,"column":77}},{"start":{"line":62,"column":77},"end":{"line":62,"column":79}}],"line":62},"1":{"loc":{"start":{"line":67,"column":21},"end":{"line":67,"column":null}},"type":"binary-expr","locations":[{"start":{"line":67,"column":21},"end":{"line":67,"column":41}},{"start":{"line":67,"column":41},"end":{"line":67,"column":null}}],"line":67},"2":{"loc":{"start":{"line":70,"column":4},"end":{"line":73,"column":null}},"type":"if","locations":[{"start":{"line":70,"column":4},"end":{"line":73,"column":null}},{"start":{},"end":{}}],"line":70},"3":{"loc":{"start":{"line":74,"column":11},"end":{"line":74,"column":null}},"type":"binary-expr","locations":[{"start":{"line":74,"column":11},"end":{"line":74,"column":27}},{"start":{"line":74,"column":27},"end":{"line":74,"column":41}},{"start":{"line":74,"column":41},"end":{"line":74,"column":null}}],"line":74},"4":{"loc":{"start":{"line":79,"column":4},"end":{"line":83,"column":null}},"type":"if","locations":[{"start":{"line":79,"column":4},"end":{"line":83,"column":null}},{"start":{},"end":{}}],"line":79},"5":{"loc":{"start":{"line":97,"column":21},"end":{"line":97,"column":null}},"type":"binary-expr","locations":[{"start":{"line":97,"column":21},"end":{"line":97,"column":47}},{"start":{"line":97,"column":47},"end":{"line":97,"column":null}}],"line":97},"6":{"loc":{"start":{"line":98,"column":11},"end":{"line":101,"column":null}},"type":"cond-expr","locations":[{"start":{"line":98,"column":30},"end":{"line":101,"column":8}},{"start":{"line":101,"column":8},"end":{"line":101,"column":null}}],"line":98},"7":{"loc":{"start":{"line":102,"column":13},"end":{"line":119,"column":null}},"type":"cond-expr","locations":[{"start":{"line":102,"column":34},"end":{"line":119,"column":8}},{"start":{"line":119,"column":8},"end":{"line":119,"column":null}}],"line":102},"8":{"loc":{"start":{"line":108,"column":8},"end":{"line":116,"column":null}},"type":"if","locations":[{"start":{"line":108,"column":8},"end":{"line":116,"column":null}},{"start":{},"end":{}}],"line":108},"9":{"loc":{"start":{"line":120,"column":12},"end":{"line":123,"column":null}},"type":"cond-expr","locations":[{"start":{"line":120,"column":32},"end":{"line":123,"column":8}},{"start":{"line":123,"column":8},"end":{"line":123,"column":null}}],"line":120},"10":{"loc":{"start":{"line":122,"column":7},"end":{"line":122,"column":37}},"type":"binary-expr","locations":[{"start":{"line":122,"column":7},"end":{"line":122,"column":32}},{"start":{"line":122,"column":32},"end":{"line":122,"column":37}}],"line":122},"11":{"loc":{"start":{"line":131,"column":12},"end":{"line":131,"column":null}},"type":"cond-expr","locations":[{"start":{"line":131,"column":27},"end":{"line":131,"column":37}},{"start":{"line":131,"column":37},"end":{"line":131,"column":null}}],"line":131},"12":{"loc":{"start":{"line":132,"column":12},"end":{"line":132,"column":null}},"type":"cond-expr","locations":[{"start":{"line":132,"column":27},"end":{"line":132,"column":39}},{"start":{"line":132,"column":39},"end":{"line":132,"column":null}}],"line":132},"13":{"loc":{"start":{"line":137,"column":12},"end":{"line":137,"column":null}},"type":"cond-expr","locations":[{"start":{"line":137,"column":27},"end":{"line":137,"column":40}},{"start":{"line":137,"column":40},"end":{"line":137,"column":null}}],"line":137},"14":{"loc":{"start":{"line":138,"column":12},"end":{"line":138,"column":null}},"type":"cond-expr","locations":[{"start":{"line":138,"column":27},"end":{"line":138,"column":40}},{"start":{"line":138,"column":40},"end":{"line":138,"column":null}}],"line":138},"15":{"loc":{"start":{"line":158,"column":10},"end":{"line":166,"column":null}},"type":"cond-expr","locations":[{"start":{"line":158,"column":55},"end":{"line":166,"column":11}},{"start":{"line":166,"column":11},"end":{"line":166,"column":null}}],"line":158},"16":{"loc":{"start":{"line":158,"column":10},"end":{"line":158,"column":55}},"type":"binary-expr","locations":[{"start":{"line":158,"column":10},"end":{"line":158,"column":33}},{"start":{"line":158,"column":33},"end":{"line":158,"column":55}}],"line":158},"17":{"loc":{"start":{"line":168,"column":15},"end":{"line":168,"column":null}},"type":"binary-expr","locations":[{"start":{"line":168,"column":15},"end":{"line":168,"column":44}},{"start":{"line":168,"column":44},"end":{"line":168,"column":null}}],"line":168},"18":{"loc":{"start":{"line":169,"column":23},"end":{"line":169,"column":null}},"type":"binary-expr","locations":[{"start":{"line":169,"column":23},"end":{"line":169,"column":53}},{"start":{"line":169,"column":53},"end":{"line":169,"column":null}}],"line":169}},"s":{"0":0,"1":0,"2":0,"3":0,"4":0,"5":0,"6":0,"7":0,"8":0,"9":0,"10":0,"11":0,"12":0,"13":0,"14":0,"15":0,"16":0,"17":0,"18":0,"19":0,"20":0,"21":0,"22":0,"23":0,"24":0,"25":0,"26":0,"27":0,"28":0,"29":0,"30":0,"31":0,"32":0,"33":0},"f":{"0":0,"1":0,"2":0,"3":0,"4":0,"5":0,"6":0,"7":0,"8":0,"9":0,"10":0,"11":0,"12":0},"b":{"0":[0,0],"1":[0,0],"2":[0,0],"3":[0,0,0],"4":[0,0],"5":[0,0],"6":[0,0],"7":[0,0],"8":[0,0],"9":[0,0],"10":[0,0],"11":[0,0],"12":[0,0],"13":[0,0],"14":[0,0],"15":[0,0],"16":[0,0],"17":[0,0],"18":[0,0]},"meta":{"lastBranch":19,"lastFunction":13,"lastStatement":34,"seen":{"s:34:14:34:Infinity":0,"s:42:13:42:Infinity":1,"s:47:6:47:Infinity":2,"s:49:42:60:Infinity":3,"s:62:6:62:Infinity":4,"f:62:30:62:36":0,"s:62:30:62:80":5,"b:62:61:62:77:62:77:62:79":0,"s:63:6:63:Infinity":6,"f:63:24:63:30":1,"s:63:24:63:57":7,"f:66:9:66:28":2,"s:67:21:67:Infinity":8,"b:67:21:67:41:67:41:67:Infinity":1,"f:67:50:67:51":3,"s:67:60:67:72":9,"s:69:18:75:Infinity":10,"f:69:27:69:35":4,"b:70:4:73:Infinity:undefined:undefined:undefined:undefined":2,"s:70:4:73:Infinity":11,"s:72:6:72:Infinity":12,"s:74:4:74:Infinity":13,"b:74:11:74:27:74:27:74:41:74:41:74:Infinity":3,"s:77:26:77:Infinity":14,"s:78:2:84:Infinity":15,"f:78:15:78:16":5,"b:79:4:83:Infinity:undefined:undefined:undefined:undefined":4,"s:79:4:83:Infinity":16,"s:80:6:82:Infinity":17,"f:80:28:80:29":6,"s:81:8:81:Infinity":18,"s:86:2:86:Infinity":19,"s:89:6:171:Infinity":20,"f:89:48:89:54":7,"s:90:17:90:Infinity":21,"s:91:44:91:Infinity":22,"s:93:23:93:Infinity":23,"s:95:2:170:Infinity":24,"b:97:21:97:47:97:47:97:Infinity":5,"b:98:30:101:8:101:8:101:Infinity":6,"b:102:34:119:8:119:8:119:Infinity":7,"f:107:17:107:18":8,"b:108:8:116:Infinity:undefined:undefined:undefined:undefined":8,"s:108:8:116:Infinity":25,"s:109:23:109:Infinity":26,"s:110:10:115:Infinity":27,"s:117:8:117:Infinity":28,"b:120:32:123:8:123:8:123:Infinity":9,"b:122:7:122:32:122:32:122:37":10,"b:131:27:131:37:131:37:131:Infinity":11,"b:132:27:132:39:132:39:132:Infinity":12,"b:137:27:137:40:137:40:137:Infinity":13,"b:138:27:138:40:138:40:138:Infinity":14,"b:158:55:166:11:166:11:166:Infinity":15,"b:158:10:158:33:158:33:158:55":16,"b:168:15:168:44:168:44:168:Infinity":17,"b:169:23:169:53:169:53:169:Infinity":18,"f:173:9:173:21":9,"s:174:2:174:Infinity":29,"f:177:9:177:24":10,"s:178:2:178:Infinity":30,"s:181:0:184:Infinity":31,"f:182:15:182:21":11,"s:182:21:182:Infinity":32,"f:183:10:183:16":12,"s:183:16:183:Infinity":33}}}
,"/root/.openclaw/workspace/code/big-screen-frontend/src/components/Charts/CandlestickChart.vue": {"path":"/root/.openclaw/workspace/code/big-screen-frontend/src/components/Charts/CandlestickChart.vue","statementMap":{"0":{"start":{"line":35,"column":14},"end":{"line":35,"column":null}},"1":{"start":{"line":43,"column":13},"end":{"line":43,"column":null}},"2":{"start":{"line":48,"column":6},"end":{"line":48,"column":null}},"3":{"start":{"line":50,"column":46},"end":{"line":60,"column":null}},"4":{"start":{"line":62,"column":6},"end":{"line":62,"column":null}},"5":{"start":{"line":62,"column":30},"end":{"line":62,"column":80}},"6":{"start":{"line":63,"column":6},"end":{"line":63,"column":null}},"7":{"start":{"line":63,"column":24},"end":{"line":63,"column":57}},"8":{"start":{"line":65,"column":6},"end":{"line":206,"column":null}},"9":{"start":{"line":66,"column":17},"end":{"line":66,"column":null}},"10":{"start":{"line":67,"column":16},"end":{"line":67,"column":null}},"11":{"start":{"line":67,"column":56},"end":{"line":67,"column":65}},"12":{"start":{"line":70,"column":26},"end":{"line":75,"column":null}},"13":{"start":{"line":71,"column":4},"end":{"line":73,"column":null}},"14":{"start":{"line":72,"column":6},"end":{"line":72,"column":null}},"15":{"start":{"line":74,"column":4},"end":{"line":74,"column":null}},"16":{"start":{"line":78,"column":22},"end":{"line":92,"column":null}},"17":{"start":{"line":79,"column":19},"end":{"line":79,"column":null}},"18":{"start":{"line":80,"column":4},"end":{"line":90,"column":null}},"19":{"start":{"line":80,"column":17},"end":{"line":80,"column":20}},"20":{"start":{"line":81,"column":6},"end":{"line":84,"column":null}},"21":{"start":{"line":82,"column":8},"end":{"line":82,"column":null}},"22":{"start":{"line":83,"column":8},"end":{"line":83,"column":null}},"23":{"start":{"line":85,"column":16},"end":{"line":85,"column":null}},"24":{"start":{"line":86,"column":6},"end":{"line":88,"column":null}},"25":{"start":{"line":86,"column":19},"end":{"line":86,"column":22}},"26":{"start":{"line":87,"column":8},"end":{"line":87,"column":null}},"27":{"start":{"line":89,"column":6},"end":{"line":89,"column":null}},"28":{"start":{"line":91,"column":4},"end":{"line":91,"column":null}},"29":{"start":{"line":94,"column":24},"end":{"line":106,"column":null}},"30":{"start":{"line":109,"column":2},"end":{"line":123,"column":null}},"31":{"start":{"line":110,"column":4},"end":{"line":122,"column":null}},"32":{"start":{"line":111,"column":6},"end":{"line":121,"column":null}},"33":{"start":{"line":126,"column":2},"end":{"line":141,"column":null}},"34":{"start":{"line":127,"column":4},"end":{"line":140,"column":null}},"35":{"start":{"line":135,"column":24},"end":{"line":135,"column":null}},"36":{"start":{"line":136,"column":23},"end":{"line":136,"column":null}},"37":{"start":{"line":137,"column":10},"end":{"line":137,"column":null}},"38":{"start":{"line":143,"column":2},"end":{"line":205,"column":null}},"39":{"start":{"line":156,"column":21},"end":{"line":156,"column":null}},"40":{"start":{"line":157,"column":8},"end":{"line":166,"column":null}},"41":{"start":{"line":158,"column":10},"end":{"line":165,"column":null}},"42":{"start":{"line":159,"column":12},"end":{"line":159,"column":null}},"43":{"start":{"line":160,"column":12},"end":{"line":160,"column":null}},"44":{"start":{"line":161,"column":12},"end":{"line":161,"column":null}},"45":{"start":{"line":162,"column":12},"end":{"line":162,"column":null}},"46":{"start":{"line":164,"column":12},"end":{"line":164,"column":null}},"47":{"start":{"line":167,"column":8},"end":{"line":167,"column":null}},"48":{"start":{"line":171,"column":28},"end":{"line":171,"column":34}},"49":{"start":{"line":209,"column":2},"end":{"line":209,"column":null}},"50":{"start":{"line":213,"column":2},"end":{"line":213,"column":null}},"51":{"start":{"line":216,"column":0},"end":{"line":219,"column":null}},"52":{"start":{"line":217,"column":21},"end":{"line":217,"column":null}},"53":{"start":{"line":218,"column":16},"end":{"line":218,"column":null}}},"fnMap":{"0":{"name":"(anonymous_0)","decl":{"start":{"line":62,"column":30},"end":{"line":62,"column":36}},"loc":{"start":{"line":62,"column":30},"end":{"line":62,"column":80}},"line":62},"1":{"name":"(anonymous_1)","decl":{"start":{"line":63,"column":24},"end":{"line":63,"column":30}},"loc":{"start":{"line":63,"column":24},"end":{"line":63,"column":57}},"line":63},"2":{"name":"(anonymous_2)","decl":{"start":{"line":65,"column":48},"end":{"line":65,"column":54}},"loc":{"start":{"line":65,"column":54},"end":{"line":206,"column":1}},"line":65},"3":{"name":"(anonymous_3)","decl":{"start":{"line":67,"column":46},"end":{"line":67,"column":47}},"loc":{"start":{"line":67,"column":56},"end":{"line":67,"column":65}},"line":67},"4":{"name":"(anonymous_4)","decl":{"start":{"line":70,"column":41},"end":{"line":70,"column":49}},"loc":{"start":{"line":70,"column":49},"end":{"line":75,"column":3}},"line":70},"5":{"name":"(anonymous_5)","decl":{"start":{"line":78,"column":22},"end":{"line":78,"column":23}},"loc":{"start":{"line":78,"column":44},"end":{"line":92,"column":null}},"line":78},"6":{"name":"(anonymous_6)","decl":{"start":{"line":110,"column":29},"end":{"line":110,"column":30}},"loc":{"start":{"line":110,"column":48},"end":{"line":122,"column":5}},"line":110},"7":{"name":"(anonymous_7)","decl":{"start":{"line":134,"column":15},"end":{"line":134,"column":16}},"loc":{"start":{"line":134,"column":32},"end":{"line":138,"column":null}},"line":134},"8":{"name":"(anonymous_8)","decl":{"start":{"line":155,"column":17},"end":{"line":155,"column":18}},"loc":{"start":{"line":155,"column":34},"end":{"line":168,"column":null}},"line":155},"9":{"name":"(anonymous_9)","decl":{"start":{"line":157,"column":23},"end":{"line":157,"column":24}},"loc":{"start":{"line":157,"column":39},"end":{"line":166,"column":9}},"line":157},"10":{"name":"(anonymous_10)","decl":{"start":{"line":171,"column":23},"end":{"line":171,"column":28}},"loc":{"start":{"line":171,"column":28},"end":{"line":171,"column":34}},"line":171},"11":{"name":"handleClick","decl":{"start":{"line":208,"column":9},"end":{"line":208,"column":21}},"loc":{"start":{"line":208,"column":34},"end":{"line":210,"column":null}},"line":208},"12":{"name":"handleDblClick","decl":{"start":{"line":212,"column":9},"end":{"line":212,"column":24}},"loc":{"start":{"line":212,"column":37},"end":{"line":214,"column":null}},"line":212},"13":{"name":"(anonymous_13)","decl":{"start":{"line":217,"column":15},"end":{"line":217,"column":21}},"loc":{"start":{"line":217,"column":21},"end":{"line":217,"column":null}},"line":217},"14":{"name":"(anonymous_14)","decl":{"start":{"line":218,"column":10},"end":{"line":218,"column":16}},"loc":{"start":{"line":218,"column":16},"end":{"line":218,"column":null}},"line":218}},"branchMap":{"0":{"loc":{"start":{"line":62,"column":61},"end":{"line":62,"column":79}},"type":"binary-expr","locations":[{"start":{"line":62,"column":61},"end":{"line":62,"column":77}},{"start":{"line":62,"column":77},"end":{"line":62,"column":79}}],"line":62},"1":{"loc":{"start":{"line":67,"column":16},"end":{"line":67,"column":null}},"type":"binary-expr","locations":[{"start":{"line":67,"column":16},"end":{"line":67,"column":31}},{"start":{"line":67,"column":31},"end":{"line":67,"column":null}}],"line":67},"2":{"loc":{"start":{"line":71,"column":4},"end":{"line":73,"column":null}},"type":"if","locations":[{"start":{"line":71,"column":4},"end":{"line":73,"column":null}},{"start":{},"end":{}}],"line":71},"3":{"loc":{"start":{"line":81,"column":6},"end":{"line":84,"column":null}},"type":"if","locations":[{"start":{"line":81,"column":6},"end":{"line":84,"column":null}},{"start":{},"end":{}}],"line":81},"4":{"loc":{"start":{"line":109,"column":2},"end":{"line":123,"column":null}},"type":"if","locations":[{"start":{"line":109,"column":2},"end":{"line":123,"column":null}},{"start":{},"end":{}}],"line":109},"5":{"loc":{"start":{"line":109,"column":6},"end":{"line":109,"column":41}},"type":"binary-expr","locations":[{"start":{"line":109,"column":6},"end":{"line":109,"column":23}},{"start":{"line":109,"column":23},"end":{"line":109,"column":41}}],"line":109},"6":{"loc":{"start":{"line":126,"column":2},"end":{"line":141,"column":null}},"type":"if","locations":[{"start":{"line":126,"column":2},"end":{"line":141,"column":null}},{"start":{},"end":{}}],"line":126},"7":{"loc":{"start":{"line":126,"column":6},"end":{"line":126,"column":49}},"type":"binary-expr","locations":[{"start":{"line":126,"column":6},"end":{"line":126,"column":23}},{"start":{"line":126,"column":23},"end":{"line":126,"column":49}}],"line":126},"8":{"loc":{"start":{"line":137,"column":17},"end":{"line":137,"column":null}},"type":"cond-expr","locations":[{"start":{"line":137,"column":32},"end":{"line":137,"column":49}},{"start":{"line":137,"column":49},"end":{"line":137,"column":null}}],"line":137},"9":{"loc":{"start":{"line":145,"column":21},"end":{"line":145,"column":null}},"type":"binary-expr","locations":[{"start":{"line":145,"column":21},"end":{"line":145,"column":47}},{"start":{"line":145,"column":47},"end":{"line":145,"column":null}}],"line":145},"10":{"loc":{"start":{"line":146,"column":11},"end":{"line":149,"column":null}},"type":"cond-expr","locations":[{"start":{"line":146,"column":30},"end":{"line":149,"column":8}},{"start":{"line":149,"column":8},"end":{"line":149,"column":null}}],"line":146},"11":{"loc":{"start":{"line":150,"column":13},"end":{"line":169,"column":null}},"type":"cond-expr","locations":[{"start":{"line":150,"column":34},"end":{"line":169,"column":8}},{"start":{"line":169,"column":8},"end":{"line":169,"column":null}}],"line":150},"12":{"loc":{"start":{"line":158,"column":10},"end":{"line":165,"column":null}},"type":"if","locations":[{"start":{"line":158,"column":10},"end":{"line":165,"column":null}},{"start":{"line":163,"column":17},"end":{"line":165,"column":null}}],"line":158},"13":{"loc":{"start":{"line":170,"column":12},"end":{"line":173,"column":null}},"type":"cond-expr","locations":[{"start":{"line":170,"column":32},"end":{"line":173,"column":8}},{"start":{"line":173,"column":8},"end":{"line":173,"column":null}}],"line":170},"14":{"loc":{"start":{"line":172,"column":7},"end":{"line":172,"column":37}},"type":"binary-expr","locations":[{"start":{"line":172,"column":7},"end":{"line":172,"column":32}},{"start":{"line":172,"column":32},"end":{"line":172,"column":37}}],"line":172},"15":{"loc":{"start":{"line":195,"column":10},"end":{"line":200,"column":null}},"type":"cond-expr","locations":[{"start":{"line":195,"column":26},"end":{"line":200,"column":11}},{"start":{"line":200,"column":11},"end":{"line":200,"column":null}}],"line":195},"16":{"loc":{"start":{"line":203,"column":15},"end":{"line":203,"column":null}},"type":"binary-expr","locations":[{"start":{"line":203,"column":15},"end":{"line":203,"column":44}},{"start":{"line":203,"column":44},"end":{"line":203,"column":null}}],"line":203},"17":{"loc":{"start":{"line":204,"column":23},"end":{"line":204,"c
[...]
t":{"line":11,"column":12},"end":{"line":11,"column":21}},"loc":{"start":{"line":11,"column":43},"end":{"line":11,"column":43}},"line":11},"4":{"name":"(anonymous_4)","decl":{"start":{"line":15,"column":12},"end":{"line":15,"column":21}},"loc":{"start":{"line":15,"column":45},"end":{"line":15,"column":45}},"line":15},"5":{"name":"(anonymous_5)","decl":{"start":{"line":19,"column":12},"end":{"line":19,"column":21}},"loc":{"start":{"line":19,"column":39},"end":{"line":19,"column":39}},"line":19},"6":{"name":"(anonymous_6)","decl":{"start":{"line":23,"column":12},"end":{"line":23,"column":21}},"loc":{"start":{"line":23,"column":45},"end":{"line":23,"column":45}},"line":23},"7":{"name":"(anonymous_7)","decl":{"start":{"line":34,"column":10},"end":{"line":34,"column":null}},"loc":{"start":{"line":79,"column":20},"end":{"line":76,"column":57}},"line":79},"8":{"name":"(anonymous_8)","decl":{"start":{"line":41,"column":12},"end":{"line":41,"column":26}},"loc":{"start":{"line":48,"column":27},"end":{"line":46,"column":null}},"line":48},"9":{"name":"(anonymous_9)","decl":{"start":{"line":43,"column":35},"end":{"line":43,"column":40}},"loc":{"start":{"line":43,"column":25},"end":{"line":43,"column":null}},"line":43},"10":{"name":"(anonymous_10)","decl":{"start":{"line":50,"column":12},"end":{"line":50,"column":26}},"loc":{"start":{"line":59,"column":27},"end":{"line":57,"column":null}},"line":59},"11":{"name":"(anonymous_11)","decl":{"start":{"line":52,"column":35},"end":{"line":52,"column":43}},"loc":{"start":{"line":52,"column":25},"end":{"line":52,"column":null}},"line":52},"12":{"name":"(anonymous_12)","decl":{"start":{"line":62,"column":36},"end":{"line":62,"column":46}},"loc":{"start":{"line":62,"column":36},"end":{"line":62,"column":48}},"line":62},"13":{"name":"(anonymous_13)","decl":{"start":{"line":62,"column":14},"end":{"line":62,"column":36}},"loc":{"start":{"line":62,"column":65},"end":{"line":62,"column":65}},"line":62},"14":{"name":"(anonymous_14)","decl":{"start":{"line":63,"column":14},"end":{"line":63,"column":23}},"loc":{"start":{"line":65,"column":24},"end":{"line":65,"column":24}},"line":65},"15":{"name":"(anonymous_15)","decl":{"start":{"line":68,"column":12},"end":{"line":68,"column":null}},"loc":{"start":{"line":78,"column":27},"end":{"line":76,"column":57}},"line":78},"16":{"name":"(anonymous_16)","decl":{"start":{"line":69,"column":14},"end":{"line":69,"column":null}},"loc":{"start":{"line":77,"column":26},"end":{"line":76,"column":57}},"line":77},"17":{"name":"(anonymous_17)","decl":{"start":{"line":76,"column":16},"end":{"line":76,"column":19}},"loc":{"start":{"line":76,"column":57},"end":{"line":76,"column":57}},"line":76},"18":{"name":"(anonymous_18)","decl":{"start":{"line":42,"column":14},"end":{"line":42,"column":null}},"loc":{"start":{"line":47,"column":16},"end":{"line":46,"column":null}},"line":47},"19":{"name":"(anonymous_19)","decl":{"start":{"line":51,"column":14},"end":{"line":51,"column":null}},"loc":{"start":{"line":58,"column":16},"end":{"line":57,"column":null}},"line":58},"20":{"name":"(anonymous_20)","decl":{"start":{"line":62,"column":48},"end":{"line":62,"column":51}},"loc":{"start":{"line":62,"column":51},"end":{"line":62,"column":65}},"line":62},"21":{"name":"(anonymous_21)","decl":{"start":{"line":63,"column":68},"end":{"line":63,"column":null}},"loc":{"start":{"line":65,"column":14},"end":{"line":65,"column":24}},"line":65},"22":{"name":"(anonymous_22)","decl":{"start":{"line":83,"column":12},"end":{"line":83,"column":21}},"loc":{"start":{"line":85,"column":22},"end":{"line":85,"column":22}},"line":85}},"branchMap":{"0":{"loc":{"start":{"line":124,"column":2},"end":{"line":124,"column":null}},"type":"if","locations":[{"start":{"line":124,"column":2},"end":{"line":124,"column":null}},{"start":{},"end":{}}],"line":124},"1":{"loc":{"start":{"line":134,"column":4},"end":{"line":136,"column":null}},"type":"if","locations":[{"start":{"line":134,"column":4},"end":{"line":136,"column":null}},{"start":{},"end":{}}],"line":134},"2":{"loc":{"start":{"line":76,"column":19},"end":{"line":76,"column":57}},"type":"cond-expr","locations":[{"start":{"line":76,"column":36},"end":{"line":76,"column":57}},{"start":{"line":76,"column":36},"end":{"line":76,"column":57}}],"line":76}},"s":{"0":0,"1":0,"2":0,"3":0,"4":0,"5":0,"6":0,"7":0,"8":0,"9":0,"10":0,"11":0,"12":0,"13":0,"14":0,"15":0,"16":0,"17":0,"18":0,"19":0,"20":0,"21":0,"22":0,"23":0,"24":0,"25":0,"26":0,"27":0,"28":0,"29":0,"30":0,"31":0},"f":{"0":0,"1":0,"2":0,"3":0,"4":0,"5":0,"6":0,"7":0,"8":0,"9":0,"10":0,"11":0,"12":0,"13":0,"14":0,"15":0,"16":0,"17":0,"18":0,"19":0,"20":0,"21":0,"22":0},"b":{"0":[0,0],"1":[0,0],"2":[0,0]},"meta":{"lastBranch":3,"lastFunction":23,"lastStatement":32,"seen":{"s:101:6:101:Infinity":0,"s:102:6:102:Infinity":1,"s:104:6:104:Infinity":2,"s:105:6:105:Infinity":3,"s:107:6:110:Infinity":4,"s:112:30:121:Infinity":5,"s:123:20:140:Infinity":6,"f:123:20:123:32":0,"b:124:2:124:Infinity:undefined:undefined:undefined:undefined":0,"s:124:2:124:Infinity":7,"s:124:27:124:Infinity":8,"s:126:2:139:Infinity":9,"s:127:4:127:Infinity":10,"s:129:20:132:Infinity":11,"b:134:4:136:Infinity:undefined:undefined:undefined:undefined":1,"s:134:4:136:Infinity":12,"s:135:6:135:Infinity":13,"s:138:4:138:Infinity":14,"s:142:23:144:Infinity":15,"f:142:23:142:29":1,"s:143:2:143:Infinity":16,"s:146:29:148:Infinity":17,"f:146:29:146:35":2,"s:147:2:147:Infinity":18,"s:2:7:2:Infinity":19,"f:11:12:11:21":3,"f:15:12:15:21":4,"f:19:12:19:21":5,"f:23:12:23:21":6,"f:34:10:34:Infinity":7,"s:41:26:46:Infinity":20,"f:41:12:41:26":8,"f:43:35:43:40":9,"s:43:25:43:Infinity":21,"s:50:26:57:Infinity":22,"f:50:12:50:26":10,"f:52:35:52:43":11,"s:52:25:52:Infinity":23,"f:62:36:62:46":12,"s:62:36:62:48":24,"f:62:14:62:36":13,"f:63:14:63:23":14,"f:68:12:68:Infinity":15,"f:69:14:69:Infinity":16,"s:76:19:76:57":25,"b:76:36:76:57:76:36:76:57":2,"f:76:16:76:19":17,"s:76:57:76:57":26,"f:42:14:42:Infinity":18,"s:47:16:46:Infinity":27,"f:51:14:51:Infinity":19,"s:58:16:57:Infinity":28,"f:62:48:62:51":20,"s:62:51:62:65":29,"f:63:68:63:Infinity":21,"s:65:14:65:24":30,"s:77:26:76:57":31,"f:83:12:83:21":22}}}
,"/root/.openclaw/workspace/code/big-screen-frontend/src/views/Preview/index.vue": {"path":"/root/.openclaw/workspace/code/big-screen-frontend/src/views/Preview/index.vue","statementMap":{"0":{"start":{"line":55,"column":6},"end":{"line":55,"column":null}},"1":{"start":{"line":56,"column":6},"end":{"line":56,"column":null}},"2":{"start":{"line":59,"column":6},"end":{"line":59,"column":null}},"3":{"start":{"line":60,"column":6},"end":{"line":60,"column":null}},"4":{"start":{"line":61,"column":6},"end":{"line":61,"column":null}},"5":{"start":{"line":64,"column":6},"end":{"line":64,"column":null}},"6":{"start":{"line":67,"column":15},"end":{"line":69,"column":null}},"7":{"start":{"line":68,"column":2},"end":{"line":68,"column":null}},"8":{"start":{"line":72,"column":20},"end":{"line":84,"column":null}},"9":{"start":{"line":73,"column":2},"end":{"line":73,"column":null}},"10":{"start":{"line":74,"column":2},"end":{"line":83,"column":null}},"11":{"start":{"line":76,"column":4},"end":{"line":76,"column":null}},"12":{"start":{"line":76,"column":33},"end":{"line":76,"column":58}},"13":{"start":{"line":77,"column":4},"end":{"line":77,"column":null}},"14":{"start":{"line":78,"column":4},"end":{"line":78,"column":null}},"15":{"start":{"line":80,"column":4},"end":{"line":80,"column":null}},"16":{"start":{"line":82,"column":4},"end":{"line":82,"column":null}},"17":{"start":{"line":87,"column":24},"end":{"line":98,"column":null}},"18":{"start":{"line":88,"column":15},"end":{"line":88,"column":null}},"19":{"start":{"line":89,"column":2},"end":{"line":89,"column":null}},"20":{"start":{"line":89,"column":13},"end":{"line":89,"column":null}},"21":{"start":{"line":91,"column":2},"end":{"line":97,"column":null}},"22":{"start":{"line":92,"column":4},"end":{"line":92,"column":null}},"23":{"start":{"line":93,"column":2},"end":{"line":97,"column":null}},"24":{"start":{"line":94,"column":5},"end":{"line":94,"column":null}},"25":{"start":{"line":95,"column":2},"end":{"line":97,"column":null}},"26":{"start":{"line":96,"column":5},"end":{"line":96,"column":null}},"27":{"start":{"line":101,"column":19},"end":{"line":110,"column":null}},"28":{"start":{"line":102,"column":2},"end":{"line":109,"column":null}},"29":{"start":{"line":113,"column":0},"end":{"line":117,"column":null}},"30":{"start":{"line":114,"column":13},"end":{"line":114,"column":null}},"31":{"start":{"line":115,"column":2},"end":{"line":115,"column":null}},"32":{"start":{"line":116,"column":2},"end":{"line":116,"column":null}},"33":{"start":{"line":2,"column":7},"end":{"line":4,"column":null}},"34":{"start":{"line":6,"column":20},"end":{"line":9,"column":20}},"35":{"start":{"line":7,"column":32},"end":{"line":7,"column":42}},"36":{"start":{"line":11,"column":30},"end":{"line":11,"column":40}},"37":{"start":{"line":15,"column":33},"end":{"line":15,"column":43}},"38":{"start":{"line":24,"column":18},"end":{"line":28,"column":33}},"39":{"start":{"line":27,"column":28},"end":{"line":27,"column":50}},"40":{"start":{"line":39,"column":13},"end":{"line":39,"column":null}},"41":{"start":{"line":42,"column":38},"end":{"line":43,"column":null}},"42":{"start":{"line":43,"column":17},"end":{"line":43,"column":null}}},"fnMap":{"0":{"name":"(anonymous_0)","decl":{"start":{"line":67,"column":15},"end":{"line":67,"column":21}},"loc":{"start":{"line":67,"column":21},"end":{"line":69,"column":null}},"line":67},"1":{"name":"(anonymous_1)","decl":{"start":{"line":72,"column":20},"end":{"line":72,"column":32}},"loc":{"start":{"line":72,"column":32},"end":{"line":84,"column":null}},"line":72},"2":{"name":"(anonymous_2)","decl":{"start":{"line":76,"column":22},"end":{"line":76,"column":33}},"loc":{"start":{"line":76,"column":33},"end":{"line":76,"column":58}},"line":76},"3":{"name":"(anonymous_3)","decl":{"start":{"line":87,"column":24},"end":{"line":87,"column":30}},"loc":{"start":{"line":87,"column":30},"end":{"line":98,"column":null}},"line":87},"4":{"name":"(anonymous_4)","decl":{"start":{"line":101,"column":19},"end":{"line":101,"column":20}},"loc":{"start":{"line":101,"column":35},"end":{"line":110,"column":null}},"line":101},"5":{"name":"(anonymous_5)","decl":{"start":{"line":113,"column":10},"end":{"line":113,"column":16}},"loc":{"start":{"line":113,"column":16},"end":{"line":117,"column":1}},"line":113},"6":{"name":"(anonymous_6)","decl":{"start":{"line":6,"column":8},"end":{"line":6,"column":20}},"loc":{"start":{"line":9,"column":20},"end":{"line":9,"column":20}},"line":9},"7":{"name":"(anonymous_7)","decl":{"start":{"line":7,"column":10},"end":{"line":7,"column":19}},"loc":{"start":{"line":7,"column":42},"end":{"line":7,"column":42}},"line":7},"8":{"name":"(anonymous_8)","decl":{"start":{"line":7,"column":19},"end":{"line":7,"column":32}},"loc":{"start":{"line":7,"column":32},"end":{"line":7,"column":42}},"line":7},"9":{"name":"(anonymous_9)","decl":{"start":{"line":10,"column":8},"end":{"line":10,"column":19}},"loc":{"start":{"line":13,"column":20},"end":{"line":13,"column":20}},"line":13},"10":{"name":"(anonymous_10)","decl":{"start":{"line":11,"column":10},"end":{"line":11,"column":19}},"loc":{"start":{"line":11,"column":40},"end":{"line":11,"column":40}},"line":11},"11":{"name":"(anonymous_11)","decl":{"start":{"line":11,"column":19},"end":{"line":11,"column":30}},"loc":{"start":{"line":11,"column":30},"end":{"line":11,"column":40}},"line":11},"12":{"name":"(anonymous_12)","decl":{"start":{"line":14,"column":8},"end":{"line":14,"column":19}},"loc":{"start":{"line":17,"column":20},"end":{"line":17,"column":20}},"line":17},"13":{"name":"(anonymous_13)","decl":{"start":{"line":15,"column":10},"end":{"line":15,"column":19}},"loc":{"start":{"line":15,"column":43},"end":{"line":15,"column":43}},"line":15},"14":{"name":"(anonymous_14)","decl":{"start":{"line":15,"column":19},"end":{"line":15,"column":33}},"loc":{"start":{"line":15,"column":33},"end":{"line":15,"column":43}},"line":15},"15":{"name":"(anonymous_15)","decl":{"start":{"line":25,"column":10},"end":{"line":25,"column":21}},"loc":{"start":{"line":30,"column":21},"end":{"line":28,"column":33}},"line":30},"16":{"name":"(anonymous_16)","decl":{"start":{"line":38,"column":8},"end":{"line":38,"column":17}},"loc":{"start":{"line":40,"column":17},"end":{"line":39,"column":null}},"line":40}},"branchMap":{"0":{"loc":{"start":{"line":89,"column":2},"end":{"line":89,"column":null}},"type":"if","locations":[{"start":{"line":89,"column":2},"end":{"line":89,"column":null}},{"start":{},"end":{}}],"line":89},"1":{"loc":{"start":{"line":91,"column":2},"end":{"line":97,"column":null}},"type":"if","locations":[{"start":{"line":91,"column":2},"end":{"line":97,"column":null}},{"start":{"line":93,"column":2},"end":{"line":97,"column":null}}],"line":91},"2":{"loc":{"start":{"line":93,"column":2},"end":{"line":97,"column":null}},"type":"if","locations":[{"start":{"line":93,"column":2},"end":{"line":97,"column":null}},{"start":{"line":95,"column":2},"end":{"line":97,"column":null}}],"line":93},"3":{"loc":{"start":{"line":95,"column":2},"end":{"line":97,"column":null}},"type":"if","locations":[{"start":{"line":95,"column":2},"end":{"line":97,"column":null}},{"start":{},"end":{}}],"line":95},"4":{"loc":{"start":{"line":4,"column":13},"end":{"line":4,"column":null}},"type":"binary-expr","locations":[{"start":{"line":4,"column":13},"end":{"line":4,"column":32}},{"start":{"line":4,"column":32},"end":{"line":4,"column":null}}],"line":4},"5":{"loc":{"start":{"line":38,"column":23},"end":{"line":38,"column":null}},"type":"cond-expr","locations":[{"start":{"line":38,"column":30},"end":{"line":38,"column":null}},{"start":{"line":38,"column":30},"end":{"line":38,"column":null}}],"line":38},"6":{"loc":{"start":{"line":39,"column":13},"end":{"line":39,"column":null}},"type":"cond-expr","locations":[{"start":{"line":39,"column":20},"end":{"line":39,"column":null}},{"start":{"line":39,"column":20},"end":{"line":39,"column":null}}],"line":39},"7":{"loc":{"start":{"line":42,"column":38},"end":{"line":43,"column":null}},"type":"if","locations":[{"start":{"line":42,"column":38},"end":{"line":43,"column":null}},{"start":{"line":43,"column":39},"end":{"line":43,"column":null}}],"line":42}},"s":{"0":0,"1":0,"2":0,"3":0,"4":0,"5":0,"6":0,"7":0,"8":0,"9":0,"10":0,"11":0,"12":0,"13":0,"14":0,"15":0,"16":0,"17":0,"18":0,"19":0,"20":0,"21":0,"22":0,"23":0,"24":0,"25":0,"26":0,"27":0,"28":0,"29":0,"30":0,"31":0,"32":0,"33":0,"34":0,"35":0,"36":0,"37":0,"38":0,"39":0,"40":0,"41":0,"42":0},"f":{"0":0,"1":0,"2":0,"3":0,"4":0,"5":0,"6":0,"7":0,"8":0,"9":0,"10":0,"11":0,"12":0,"13":0,"14":0,"15":0,"16":0},"b":{"0":[0,0],"1":[0,0],"2":[0,0],"3":[0,0],"4":[0,0],"5":[0,0],"6":[0,0],"7":[0,0]},"meta":{"lastBranch":8,"lastFunction":17,"lastStatement":43,"seen":{"s:55:6:55:Infinity":0,"s:56:6:56:Infinity":1,"s:59:6:59:Infinity":2,"s:60:6:60:Infinity":3,"s:61:6:61:Infinity":4,"s:64:6:64:Infinity":5,"s:67:15:69:Infinity":6,"f:67:15:67:21":0,"s:68:2:68:Infinity":7,"s:72:20:84:Infinity":8,"f:72:20:72:32":1,"s:73:2:73:Infinity":9,"s:74:2:83:Infinity":10,"s:76:4:76:Infinity":11,"f:76:22:76:33":2,"s:76:33:76:58":12,"s:77:4:77:Infinity":13,"s:78:4:78:Infinity":14,"s:80:4:80:Infinity":15,"s:82:4:82:Infinity":16,"s:87:24:98:Infinity":17,"f:87:24:87:30":3,"s:88:15:88:Infinity":18,"b:89:2:89:Infinity:undefined:undefined:undefined:undefined":0,"s:89:2:89:Infinity":19,"s:89:13:89:Infinity":20,"b:91:2:97:Infinity:93:2:97:Infinity":1,"s:91:2:97:Infinity":21,"s:92:4:92:Infinity":22,"b:93:2:97:Infinity:95:2:97:Infinity":2,"s:93:2:97:Infinity":23,"s:94:5:94:Infinity":24,"b:95:2:97:Infinity:undefined:undefined:undefined:undefined":3,"s:95:2:97:Infinity":25,"s:96:5:96:Infinity":26,"s:101:19:110:Infinity":27,"f:101:19:101:20":4,"s:102:2:109:Infinity":28,"s:113:0:117:Infinity":29,"f:113:10:113:16":5,"s:114:13:114:Infinity":30,"s:115:2:115:Infinity":31,"s:116:2:116:Infinity":32,"s:2:7:4:Infinity":33,"b:4:13:4:32:4:32:4:Infinity":4,"s:6:20:9:20":34,"f:6:8:6:20":6,"f:7:10:7:19":7,"f:7:19:7:32":8,"s:7:32:7:42":35,"f:10:8:10:19":9,"f:11:10:11:19":10,"f:11:19:11:30":11,"s:11:30:11:40":36,"f:14:8:14:19":12,"f:15:10:15:19":13,"f:15:19:15:33":14,"s:15:33:15:43":37,"s:24:18:28:33":38,"f:25:10:25:21":15,"s:27:28:27:50":39,"b:38:30:38:Infinity:38:30:38:Infinity":5,"f:38:8:38:17":16,"s:39:13:39:Infinity":40,"b:39:20:39:Infinity:39:20:39:Infinity":6,"b:42:38:43:Infinity:43:39:43:Infinity":7,"s:42:38:43:Infinity":41,"s:43:17:43:Infinity":42}}}
,"/root/.openclaw/workspace/code/big-screen-frontend/src/views/TestCharts/SimpleTest.vue": {"path":"/root/.openclaw/workspace/code/big-screen-frontend/src/views/TestCharts/SimpleTest.vue","statementMap":{"0":{"start":{"line":78,"column":19},"end":{"line":90,"column":null}},"1":{"start":{"line":92,"column":16},"end":{"line":99,"column":null}},"2":{"start":{"line":101,"column":17},"end":{"line":109,"column":null}},"3":{"start":{"line":111,"column":16},"end":{"line":117,"column":null}},"4":{"start":{"line":2,"column":7},"end":{"line":2,"column":null}}},"fnMap":{},"branchMap":{},"s":{"0":0,"1":0,"2":0,"3":0,"4":0},"f":{},"b":{},"meta":{"lastBranch":0,"lastFunction":0,"lastStatement":5,"seen":{"s:78:19:90:Infinity":0,"s:92:16:99:Infinity":1,"s:101:17:109:Infinity":2,"s:111:16:117:Infinity":3,"s:2:7:2:Infinity":4}}}
,"/root/.openclaw/workspace/code/big-screen-frontend/src/views/TestCharts/index.vue": {"path":"/root/.openclaw/workspace/code/big-screen-frontend/src/views/TestCharts/index.vue","statementMap":{"0":{"start":{"line":91,"column":16},"end":{"line":98,"column":null}},"1":{"start":{"line":100,"column":17},"end":{"line":108,"column":null}},"2":{"start":{"line":110,"column":16},"end":{"line":116,"column":null}},"3":{"start":{"line":118,"column":20},"end":{"line":121,"column":null}},"4":{"start":{"line":118,"column":54},"end":{"line":121,"column":2}},"5":{"start":{"line":123,"column":18},"end":{"line":126,"column":null}},"6":{"start":{"line":128,"column":24},"end":{"line":134,"column":null}},"7":{"start":{"line":136,"column":19},"end":{"line":142,"column":null}},"8":{"start":{"line":144,"column":14},"end":{"line":145,"column":null}},"9":{"start":{"line":146,"column":13},"end":{"line":146,"column":null}},"10":{"start":{"line":148,"column":20},"end":{"line":148,"column":null}},"11":{"start":{"line":149,"column":0},"end":{"line":157,"column":null}},"12":{"start":{"line":149,"column":13},"end":{"line":149,"column":16}},"13":{"start":{"line":150,"column":2},"end":{"line":156,"column":null}},"14":{"start":{"line":150,"column":15},"end":{"line":150,"column":18}},"15":{"start":{"line":151,"column":4},"end":{"line":155,"column":null}},"16":{"start":{"line":159,"column":17},"end":{"line":177,"column":null}},"17":{"start":{"line":179,"column":20},"end":{"line":197,"column":null}},"18":{"start":{"line":199,"column":21},"end":{"line":220,"column":null}},"19":{"start":{"line":2,"column":7},"end":{"line":2,"column":null}}},"fnMap":{"0":{"name":"(anonymous_0)","decl":{"start":{"line":118,"column":47},"end":{"line":118,"column":54}},"loc":{"start":{"line":118,"column":54},"end":{"line":121,"column":2}},"line":118}},"branchMap":{},"s":{"0":0,"1":0,"2":0,"3":0,"4":0,"5":0,"6":0,"7":0,"8":0,"9":0,"10":0,"11":0,"12":0,"13":0,"14":0,"15":0,"16":0,"17":0,"18":0,"19":0},"f":{"0":0},"b":{},"meta":{"lastBranch":0,"lastFunction":1,"lastStatement":20,"seen":{"s:91:16:98:Infinity":0,"s:100:17:108:Infinity":1,"s:110:16:116:Infinity":2,"s:118:20:121:Infinity":3,"f:118:47:118:54":0,"s:118:54:121:2":4,"s:123:18:126:Infinity":5,"s:128:24:134:Infinity":6,"s:136:19:142:Infinity":7,"s:144:14:145:Infinity":8,"s:146:13:146:Infinity":9,"s:148:20:148:Infinity":10,"s:149:0:157:Infinity":11,"s:149:13:149:16":12,"s:150:2:156:Infinity":13,"s:150:15:150:18":14,"s:151:4:155:Infinity":15,"s:159:17:177:Infinity":16,"s:179:20:197:Infinity":17,"s:199:21:220:Infinity":18,"s:2:7:2:Infinity":19}}}
}
